#
# There is insufficient memory for the Java Runtime Environment to continue.
# Native memory allocation (mmap) failed to map 637534208 bytes for G1 virtual space
# Possible reasons:
#   The system is out of physical RAM or swap space
#   The process is running with CompressedOops enabled, and the Java Heap may be blocking the growth of the native heap
# Possible solutions:
#   Reduce memory load on the system
#   Increase physical memory or swap space
#   Check if swap backing store is full
#   Decrease Java heap size (-Xmx/-Xms)
#   Decrease number of Java threads
#   Decrease Java thread stack sizes (-Xss)
#   Set larger code cache with -XX:ReservedCodeCacheSize=
#   JVM is running with Unscaled Compressed Oops mode in which the Java heap is
#     placed in the first 4GB address space. The Java Heap base address is the
#     maximum limit for the native heap growth. Please use -XX:HeapBaseMinAddress
#     to set the Java Heap base and to place the Java Heap above 4GB virtual address.
# This output file may be truncated or incomplete.
#
#  Out of Memory Error (os_windows.cpp:3527), pid=20428, tid=18780
#
# JRE version: OpenJDK Runtime Environment (19.0.1+10) (build 19.0.1+10-21)
# Java VM: OpenJDK 64-Bit Server VM (19.0.1+10-21, mixed mode, sharing, tiered, compressed oops, compressed class ptrs, g1 gc, windows-amd64)
# No core dump will be written. Minidumps are not enabled by default on client versions of Windows
#

---------------  S U M M A R Y ------------

Command Line: -javaagent:C:\Program Files\JetBrains\IntelliJ IDEA 2022.2.3\lib\idea_rt.jar=53447:C:\Program Files\JetBrains\IntelliJ IDEA 2022.2.3\bin -Dfile.encoding=UTF-8 -Dsun.stdout.encoding=UTF-8 -Dsun.stderr.encoding=UTF-8 core.DTNSim

Host: Intel(R) Core(TM) i5-6300U CPU @ 2.40GHz, 4 cores, 7G,  Windows 10 , 64 bit Build 19041 (10.0.19041.2546)
Time: Sat Mar 11 19:58:58 2023 W. Europe Standard Time elapsed time: 19.916973 seconds (0d 0h 0m 19s)

---------------  T H R E A D  ---------------

Current thread (0x000001ae7ed73970):  VMThread "VM Thread" [stack: 0x0000001c20e00000,0x0000001c20f00000] [id=18780]

Stack: [0x0000001c20e00000,0x0000001c20f00000]
Native frames: (J=compiled Java code, j=interpreted, Vv=VM code, C=native code)
V  [jvm.dll+0x6ee8fa]
V  [jvm.dll+0x857a1e]
V  [jvm.dll+0x85940e]
V  [jvm.dll+0x859ac3]
V  [jvm.dll+0x28291f]
V  [jvm.dll+0x6eb6e9]
V  [jvm.dll+0x6e028a]
V  [jvm.dll+0x357136]
V  [jvm.dll+0x35eb96]
V  [jvm.dll+0x3b555e]
V  [jvm.dll+0x3b578f]
V  [jvm.dll+0x32c6ea]
V  [jvm.dll+0x32c797]
V  [jvm.dll+0x374b52]
V  [jvm.dll+0x37328f]
V  [jvm.dll+0x32bf10]
V  [jvm.dll+0x37282b]
V  [jvm.dll+0x85ef83]
V  [jvm.dll+0x85fd49]
V  [jvm.dll+0x86027d]
V  [jvm.dll+0x86070b]
V  [jvm.dll+0x8607c7]
V  [jvm.dll+0x8015fa]
V  [jvm.dll+0x6ed5eb]
C  [ucrtbase.dll+0x21bb2]
C  [KERNEL32.DLL+0x17614]
C  [ntdll.dll+0x526a1]

VM_Operation (0x0000001c208fe340): G1CollectForAllocation, mode: safepoint, requested by thread 0x000001ae71e14250


---------------  P R O C E S S  ---------------

Threads class SMR info:
_java_thread_list=0x000001ae7f44e770, length=15, elements={
0x000001ae71e14250, 0x000001ae7ed8ec80, 0x000001ae7ed8fa70, 0x000001ae7ed93170,
0x000001ae7ed94ab0, 0x000001ae7ed953e0, 0x000001ae7ed95e50, 0x000001ae7ed9c240,
0x000001ae7eda5bd0, 0x000001ae7edbd950, 0x000001ae7ef68e50, 0x000001ae7f2f42e0,
0x000001ae7f2f6700, 0x000001ae7f3c3710, 0x000001ae7f3c6aa0
}

Java Threads: ( => current thread )
  0x000001ae71e14250 JavaThread "main" [_thread_blocked, id=9440, stack(0x0000001c20800000,0x0000001c20900000)]
  0x000001ae7ed8ec80 JavaThread "Reference Handler" daemon [_thread_blocked, id=22096, stack(0x0000001c20f00000,0x0000001c21000000)]
  0x000001ae7ed8fa70 JavaThread "Finalizer" daemon [_thread_blocked, id=22144, stack(0x0000001c21000000,0x0000001c21100000)]
  0x000001ae7ed93170 JavaThread "Signal Dispatcher" daemon [_thread_blocked, id=1152, stack(0x0000001c21100000,0x0000001c21200000)]
  0x000001ae7ed94ab0 JavaThread "Attach Listener" daemon [_thread_blocked, id=13488, stack(0x0000001c21200000,0x0000001c21300000)]
  0x000001ae7ed953e0 JavaThread "Service Thread" daemon [_thread_blocked, id=21984, stack(0x0000001c21300000,0x0000001c21400000)]
  0x000001ae7ed95e50 JavaThread "Monitor Deflation Thread" daemon [_thread_blocked, id=7288, stack(0x0000001c21400000,0x0000001c21500000)]
  0x000001ae7ed9c240 JavaThread "C2 CompilerThread0" daemon [_thread_blocked, id=10008, stack(0x0000001c21500000,0x0000001c21600000)]
  0x000001ae7eda5bd0 JavaThread "C1 CompilerThread0" daemon [_thread_blocked, id=18168, stack(0x0000001c21600000,0x0000001c21700000)]
  0x000001ae7edbd950 JavaThread "Sweeper thread" daemon [_thread_blocked, id=18128, stack(0x0000001c21700000,0x0000001c21800000)]
  0x000001ae7ef68e50 JavaThread "Common-Cleaner" daemon [_thread_blocked, id=3356, stack(0x0000001c21800000,0x0000001c21900000)]
  0x000001ae7f2f42e0 JavaThread "Monitor Ctrl-Break" daemon [_thread_in_native, id=11380, stack(0x0000001c21900000,0x0000001c21a00000)]
  0x000001ae7f2f6700 JavaThread "Notification Thread" daemon [_thread_blocked, id=6752, stack(0x0000001c21a00000,0x0000001c21b00000)]
  0x000001ae7f3c3710 JavaThread "Java2D Disposer" daemon [_thread_blocked, id=11056, stack(0x0000001c21c00000,0x0000001c21d00000)]
  0x000001ae7f3c6aa0 JavaThread "AWT-Windows" daemon [_thread_in_native, id=16152, stack(0x0000001c21e00000,0x0000001c21f00000)]

Other Threads:
=>0x000001ae7ed73970 VMThread "VM Thread" [stack: 0x0000001c20e00000,0x0000001c20f00000] [id=18780]
  0x000001ae7f2f4820 WatcherThread "VM Periodic Task Thread" [stack: 0x0000001c21b00000,0x0000001c21c00000] [id=24140]
  0x000001ae71e71db0 WorkerThread "GC Thread#0" [stack: 0x0000001c20900000,0x0000001c20a00000] [id=8164]
  0x000001ae7f7fd480 WorkerThread "GC Thread#1" [stack: 0x0000001c21f00000,0x0000001c22000000] [id=23116]
  0x000001ae7f7fd750 WorkerThread "GC Thread#2" [stack: 0x0000001c22000000,0x0000001c22100000] [id=11696]
  0x000001ae7f7fda20 WorkerThread "GC Thread#3" [stack: 0x0000001c22100000,0x0000001c22200000] [id=7300]
  0x000001ae71e82c30 ConcurrentGCThread "G1 Main Marker" [stack: 0x0000001c20a00000,0x0000001c20b00000] [id=17776]
  0x000001ae71e85e20 WorkerThread "G1 Conc#0" [stack: 0x0000001c20b00000,0x0000001c20c00000] [id=18580]
  0x000001ae7ec280e0 ConcurrentGCThread "G1 Refine#0" [stack: 0x0000001c20c00000,0x0000001c20d00000] [id=2688]
  0x000001ae7ec288d0 ConcurrentGCThread "G1 Service" [stack: 0x0000001c20d00000,0x0000001c20e00000] [id=20928]

Threads with active compile tasks:
C2 CompilerThread0    20366 3597       4       org.renjin.primitives.text.regex.ExtendedRE::match (283 bytes)

VM state: at safepoint (normal execution)

VM Mutex/Monitor currently owned by a thread:  ([mutex/lock_event])
[0x000001ae71e10f80] Threads_lock - owner thread: 0x000001ae7ed73970
[0x000001ae71e112e0] Heap_lock - owner thread: 0x000001ae71e14250

Heap address: 0x0000000081400000, size: 2028 MB, Compressed Oops mode: 32-bit

CDS archive(s) mapped at: [0x0000000800000000-0x0000000800c30000-0x0000000800c30000), size 12779520, SharedBaseAddress: 0x0000000800000000, ArchiveRelocationMode: 0.
Compressed class space mapped at: 0x0000000801000000-0x0000000841000000, reserved size: 1073741824
Narrow klass base: 0x0000000800000000, Narrow klass shift: 0, Narrow klass range: 0x100000000

GC Precious Log:
 CardTable entry size: 512
 Card Set container configuration: InlinePtr #cards 5 size 8 Array Of Cards #cards 12 size 40 Howl #buckets 4 coarsen threshold 1843 Howl Bitmap #cards 512 size 80 coarsen threshold 460 Card regions per heap region 1 cards per card region 2048
 CPUs: 4 total, 4 available
 Memory: 8109M
 Large Page Support: Disabled
 NUMA Support: Disabled
 Compressed Oops: Enabled (32-bit)
 Heap Region Size: 1M
 Heap Min Capacity: 8M
 Heap Initial Capacity: 128M
 Heap Max Capacity: 2028M
 Pre-touch: Disabled
 Parallel Workers: 4
 Concurrent Workers: 1
 Concurrent Refinement Workers: 4
 Periodic GC: Disabled

Heap:
 garbage-first heap   total 344064K, used 200704K [0x0000000081400000, 0x0000000100000000)
  region size 1024K, 12 young (12288K), 12 survivors (12288K)
 Metaspace       used 15111K, committed 15424K, reserved 1114112K
  class space    used 1171K, committed 1344K, reserved 1048576K

Heap Regions: E=young(eden), S=young(survivor), O=old, HS=humongous(starts), HC=humongous(continues), CS=collection set, F=free, OA=open archive, CA=closed archive, TAMS=top-at-mark-start (previous, next)
|   0|0x0000000081400000, 0x0000000081500000, 0x0000000081500000|100%| O|  |TAMS 0x0000000081500000, 0x0000000081500000| Untracked 
|   1|0x0000000081500000, 0x0000000081600000, 0x0000000081600000|100%| O|  |TAMS 0x0000000081600000, 0x0000000081600000| Untracked 
|   2|0x0000000081600000, 0x0000000081700000, 0x0000000081700000|100%| O|  |TAMS 0x0000000081700000, 0x0000000081700000| Untracked 
|   3|0x0000000081700000, 0x0000000081800000, 0x0000000081800000|100%| O|  |TAMS 0x0000000081800000, 0x0000000081800000| Untracked 
|   4|0x0000000081800000, 0x0000000081900000, 0x0000000081900000|100%| O|  |TAMS 0x0000000081900000, 0x0000000081900000| Untracked 
|   5|0x0000000081900000, 0x0000000081a00000, 0x0000000081a00000|100%| O|  |TAMS 0x0000000081a00000, 0x0000000081a00000| Untracked 
|   6|0x0000000081a00000, 0x0000000081b00000, 0x0000000081b00000|100%| O|  |TAMS 0x0000000081b00000, 0x0000000081b00000| Untracked 
|   7|0x0000000081b00000, 0x0000000081c00000, 0x0000000081c00000|100%| O|  |TAMS 0x0000000081c00000, 0x0000000081c00000| Untracked 
|   8|0x0000000081c00000, 0x0000000081d00000, 0x0000000081d00000|100%| O|  |TAMS 0x0000000081d00000, 0x0000000081d00000| Untracked 
|   9|0x0000000081d00000, 0x0000000081e00000, 0x0000000081e00000|100%| O|  |TAMS 0x0000000081e00000, 0x0000000081e00000| Untracked 
|  10|0x0000000081e00000, 0x0000000081f00000, 0x0000000081f00000|100%| O|  |TAMS 0x0000000081f00000, 0x0000000081f00000| Untracked 
|  11|0x0000000081f00000, 0x0000000082000000, 0x0000000082000000|100%| O|  |TAMS 0x0000000082000000, 0x0000000082000000| Untracked 
|  12|0x0000000082000000, 0x0000000082100000, 0x0000000082100000|100%| O|  |TAMS 0x0000000082100000, 0x0000000082100000| Untracked 
|  13|0x0000000082100000, 0x0000000082200000, 0x0000000082200000|100%| O|  |TAMS 0x0000000082200000, 0x0000000082200000| Untracked 
|  14|0x0000000082200000, 0x0000000082300000, 0x0000000082300000|100%| O|  |TAMS 0x0000000082300000, 0x0000000082300000| Untracked 
|  15|0x0000000082300000, 0x0000000082400000, 0x0000000082400000|100%| O|  |TAMS 0x0000000082400000, 0x0000000082400000| Untracked 
|  16|0x0000000082400000, 0x0000000082500000, 0x0000000082500000|100%| O|  |TAMS 0x0000000082500000, 0x0000000082500000| Untracked 
|  17|0x0000000082500000, 0x0000000082600000, 0x0000000082600000|100%| O|  |TAMS 0x0000000082600000, 0x0000000082600000| Untracked 
|  18|0x0000000082600000, 0x0000000082700000, 0x0000000082700000|100%| O|  |TAMS 0x0000000082700000, 0x0000000082700000| Untracked 
|  19|0x0000000082700000, 0x0000000082800000, 0x0000000082800000|100%| O|  |TAMS 0x0000000082800000, 0x0000000082800000| Untracked 
|  20|0x0000000082800000, 0x0000000082900000, 0x0000000082900000|100%| O|  |TAMS 0x0000000082900000, 0x0000000082900000| Untracked 
|  21|0x0000000082900000, 0x0000000082a00000, 0x0000000082a00000|100%| O|  |TAMS 0x0000000082a00000, 0x0000000082a00000| Untracked 
|  22|0x0000000082a00000, 0x0000000082b00000, 0x0000000082b00000|100%| O|  |TAMS 0x0000000082b00000, 0x0000000082b00000| Untracked 
|  23|0x0000000082b00000, 0x0000000082c00000, 0x0000000082c00000|100%| O|  |TAMS 0x0000000082c00000, 0x0000000082c00000| Untracked 
|  24|0x0000000082c00000, 0x0000000082d00000, 0x0000000082d00000|100%| O|  |TAMS 0x0000000082d00000, 0x0000000082d00000| Untracked 
|  25|0x0000000082d00000, 0x0000000082e00000, 0x0000000082e00000|100%| O|  |TAMS 0x0000000082e00000, 0x0000000082e00000| Untracked 
|  26|0x0000000082e00000, 0x0000000082f00000, 0x0000000082f00000|100%| O|  |TAMS 0x0000000082f00000, 0x0000000082f00000| Untracked 
|  27|0x0000000082f00000, 0x0000000083000000, 0x0000000083000000|100%| O|  |TAMS 0x0000000083000000, 0x0000000083000000| Untracked 
|  28|0x0000000083000000, 0x0000000083100000, 0x0000000083100000|100%| O|  |TAMS 0x0000000083100000, 0x0000000083100000| Untracked 
|  29|0x0000000083100000, 0x0000000083200000, 0x0000000083200000|100%| O|  |TAMS 0x0000000083200000, 0x0000000083200000| Untracked 
|  30|0x0000000083200000, 0x0000000083300000, 0x0000000083300000|100%| O|  |TAMS 0x0000000083300000, 0x0000000083300000| Untracked 
|  31|0x0000000083300000, 0x0000000083400000, 0x0000000083400000|100%| O|  |TAMS 0x0000000083400000, 0x0000000083400000| Untracked 
|  32|0x0000000083400000, 0x0000000083500000, 0x0000000083500000|100%| O|  |TAMS 0x0000000083400000, 0x0000000083500000| Untracked 
|  33|0x0000000083500000, 0x0000000083600000, 0x0000000083600000|100%| O|  |TAMS 0x0000000083600000, 0x0000000083600000| Untracked 
|  34|0x0000000083600000, 0x0000000083700000, 0x0000000083700000|100%| O|  |TAMS 0x0000000083700000, 0x0000000083700000| Untracked 
|  35|0x0000000083700000, 0x0000000083800000, 0x0000000083800000|100%| O|  |TAMS 0x0000000083800000, 0x0000000083800000| Untracked 
|  36|0x0000000083800000, 0x0000000083900000, 0x0000000083900000|100%| O|  |TAMS 0x0000000083900000, 0x0000000083900000| Untracked 
|  37|0x0000000083900000, 0x0000000083a00000, 0x0000000083a00000|100%| O|  |TAMS 0x0000000083a00000, 0x0000000083a00000| Untracked 
|  38|0x0000000083a00000, 0x0000000083b00000, 0x0000000083b00000|100%| O|  |TAMS 0x0000000083b00000, 0x0000000083b00000| Untracked 
|  39|0x0000000083b00000, 0x0000000083c00000, 0x0000000083c00000|100%| O|  |TAMS 0x0000000083c00000, 0x0000000083c00000| Untracked 
|  40|0x0000000083c00000, 0x0000000083d00000, 0x0000000083d00000|100%| O|  |TAMS 0x0000000083d00000, 0x0000000083d00000| Untracked 
|  41|0x0000000083d00000, 0x0000000083e00000, 0x0000000083e00000|100%| O|  |TAMS 0x0000000083e00000, 0x0000000083e00000| Untracked 
|  42|0x0000000083e00000, 0x0000000083f00000, 0x0000000083f00000|100%| O|  |TAMS 0x0000000083f00000, 0x0000000083f00000| Untracked 
|  43|0x0000000083f00000, 0x0000000084000000, 0x0000000084000000|100%| O|  |TAMS 0x0000000084000000, 0x0000000084000000| Untracked 
|  44|0x0000000084000000, 0x0000000084100000, 0x0000000084100000|100%| O|  |TAMS 0x0000000084100000, 0x0000000084100000| Untracked 
|  45|0x0000000084100000, 0x0000000084200000, 0x0000000084200000|100%| O|  |TAMS 0x0000000084200000, 0x0000000084200000| Untracked 
|  46|0x0000000084200000, 0x0000000084300000, 0x0000000084300000|100%| O|  |TAMS 0x0000000084300000, 0x0000000084300000| Untracked 
|  47|0x0000000084300000, 0x0000000084400000, 0x0000000084400000|100%| O|  |TAMS 0x0000000084400000, 0x0000000084400000| Untracked 
|  48|0x0000000084400000, 0x0000000084500000, 0x0000000084500000|100%| O|  |TAMS 0x0000000084500000, 0x0000000084500000| Untracked 
|  49|0x0000000084500000, 0x0000000084600000, 0x0000000084600000|100%| O|  |TAMS 0x0000000084600000, 0x0000000084600000| Untracked 
|  50|0x0000000084600000, 0x0000000084700000, 0x0000000084700000|100%| O|  |TAMS 0x0000000084700000, 0x0000000084700000| Untracked 
|  51|0x0000000084700000, 0x0000000084800000, 0x0000000084800000|100%| O|  |TAMS 0x0000000084800000, 0x0000000084800000| Untracked 
|  52|0x0000000084800000, 0x0000000084900000, 0x0000000084900000|100%| O|  |TAMS 0x0000000084900000, 0x0000000084900000| Untracked 
|  53|0x0000000084900000, 0x0000000084a00000, 0x0000000084a00000|100%| O|  |TAMS 0x0000000084a00000, 0x0000000084a00000| Untracked 
|  54|0x0000000084a00000, 0x0000000084b00000, 0x0000000084b00000|100%| O|  |TAMS 0x0000000084b00000, 0x0000000084b00000| Untracked 
|  55|0x0000000084b00000, 0x0000000084c00000, 0x0000000084c00000|100%| O|  |TAMS 0x0000000084c00000, 0x0000000084c00000| Untracked 
|  56|0x0000000084c00000, 0x0000000084d00000, 0x0000000084d00000|100%| O|  |TAMS 0x0000000084d00000, 0x0000000084d00000| Untracked 
|  57|0x0000000084d00000, 0x0000000084e00000, 0x0000000084e00000|100%| O|  |TAMS 0x0000000084e00000, 0x0000000084e00000| Untracked 
|  58|0x0000000084e00000, 0x0000000084f00000, 0x0000000084f00000|100%| O|  |TAMS 0x0000000084f00000, 0x0000000084f00000| Untracked 
|  59|0x0000000084f00000, 0x0000000085000000, 0x0000000085000000|100%| O|  |TAMS 0x0000000085000000, 0x0000000085000000| Untracked 
|  60|0x0000000085000000, 0x0000000085100000, 0x0000000085100000|100%| O|  |TAMS 0x0000000085100000, 0x0000000085100000| Untracked 
|  61|0x0000000085100000, 0x0000000085200000, 0x0000000085200000|100%| O|  |TAMS 0x0000000085200000, 0x0000000085200000| Untracked 
|  62|0x0000000085200000, 0x0000000085300000, 0x0000000085300000|100%| O|  |TAMS 0x0000000085300000, 0x0000000085300000| Untracked 
|  63|0x0000000085300000, 0x0000000085400000, 0x0000000085400000|100%| O|  |TAMS 0x0000000085400000, 0x0000000085400000| Untracked 
|  64|0x0000000085400000, 0x0000000085500000, 0x0000000085500000|100%| O|  |TAMS 0x0000000085500000, 0x0000000085500000| Untracked 
|  65|0x0000000085500000, 0x0000000085600000, 0x0000000085600000|100%| O|  |TAMS 0x0000000085600000, 0x0000000085600000| Untracked 
|  66|0x0000000085600000, 0x0000000085700000, 0x0000000085700000|100%| O|  |TAMS 0x0000000085700000, 0x0000000085700000| Untracked 
|  67|0x0000000085700000, 0x0000000085800000, 0x0000000085800000|100%| O|  |TAMS 0x0000000085800000, 0x0000000085800000| Untracked 
|  68|0x0000000085800000, 0x0000000085900000, 0x0000000085900000|100%| O|  |TAMS 0x0000000085900000, 0x0000000085900000| Untracked 
|  69|0x0000000085900000, 0x0000000085a00000, 0x0000000085a00000|100%| O|  |TAMS 0x0000000085a00000, 0x0000000085a00000| Untracked 
|  70|0x0000000085a00000, 0x0000000085b00000, 0x0000000085b00000|100%| O|  |TAMS 0x0000000085b00000, 0x0000000085b00000| Untracked 
|  71|0x0000000085b00000, 0x0000000085c00000, 0x0000000085c00000|100%| O|  |TAMS 0x0000000085c00000, 0x0000000085c00000| Untracked 
|  72|0x0000000085c00000, 0x0000000085d00000, 0x0000000085d00000|100%| O|  |TAMS 0x0000000085d00000, 0x0000000085d00000| Untracked 
|  73|0x0000000085d00000, 0x0000000085e00000, 0x0000000085e00000|100%| O|  |TAMS 0x0000000085d00000, 0x0000000085e00000| Untracked 
|  74|0x0000000085e00000, 0x0000000085f00000, 0x0000000085f00000|100%| O|  |TAMS 0x0000000085f00000, 0x0000000085f00000| Untracked 
|  75|0x0000000085f00000, 0x0000000086000000, 0x0000000086000000|100%| O|  |TAMS 0x0000000086000000, 0x0000000086000000| Untracked 
|  76|0x0000000086000000, 0x0000000086100000, 0x0000000086100000|100%| O|  |TAMS 0x0000000086100000, 0x0000000086100000| Untracked 
|  77|0x0000000086100000, 0x0000000086200000, 0x0000000086200000|100%| O|  |TAMS 0x0000000086200000, 0x0000000086200000| Untracked 
|  78|0x0000000086200000, 0x0000000086300000, 0x0000000086300000|100%| O|  |TAMS 0x0000000086300000, 0x0000000086300000| Untracked 
|  79|0x0000000086300000, 0x0000000086400000, 0x0000000086400000|100%| O|  |TAMS 0x0000000086400000, 0x0000000086400000| Untracked 
|  80|0x0000000086400000, 0x0000000086500000, 0x0000000086500000|100%| O|  |TAMS 0x0000000086500000, 0x0000000086500000| Untracked 
|  81|0x0000000086500000, 0x0000000086600000, 0x0000000086600000|100%| O|  |TAMS 0x0000000086600000, 0x0000000086600000| Untracked 
|  82|0x0000000086600000, 0x0000000086700000, 0x0000000086700000|100%| O|  |TAMS 0x0000000086700000, 0x0000000086700000| Untracked 
|  83|0x0000000086700000, 0x0000000086800000, 0x0000000086800000|100%| O|  |TAMS 0x0000000086800000, 0x0000000086800000| Untracked 
|  84|0x0000000086800000, 0x0000000086900000, 0x0000000086900000|100%| O|  |TAMS 0x0000000086900000, 0x0000000086900000| Untracked 
|  85|0x0000000086900000, 0x0000000086a00000, 0x0000000086a00000|100%| O|  |TAMS 0x0000000086a00000, 0x0000000086a00000| Untracked 
|  86|0x0000000086a00000, 0x0000000086b00000, 0x0000000086b00000|100%| O|  |TAMS 0x0000000086a00000, 0x0000000086b00000| Untracked 
|  87|0x0000000086b00000, 0x0000000086c00000, 0x0000000086c00000|100%| O|  |TAMS 0x0000000086b00000, 0x0000000086c00000| Untracked 
|  88|0x0000000086c00000, 0x0000000086d00000, 0x0000000086d00000|100%| O|  |TAMS 0x0000000086c00000, 0x0000000086d00000| Untracked 
|  89|0x0000000086d00000, 0x0000000086e00000, 0x0000000086e00000|100%| O|  |TAMS 0x0000000086d00000, 0x0000000086e00000| Untracked 
|  90|0x0000000086e00000, 0x0000000086f00000, 0x0000000086f00000|100%| O|  |TAMS 0x0000000086e00000, 0x0000000086f00000| Untracked 
|  91|0x0000000086f00000, 0x0000000087000000, 0x0000000087000000|100%| O|  |TAMS 0x0000000086f00000, 0x0000000087000000| Untracked 
|  92|0x0000000087000000, 0x0000000087100000, 0x0000000087100000|100%| O|  |TAMS 0x0000000087000000, 0x0000000087100000| Untracked 
|  93|0x0000000087100000, 0x0000000087200000, 0x0000000087200000|100%| O|  |TAMS 0x0000000087100000, 0x0000000087200000| Untracked 
|  94|0x0000000087200000, 0x0000000087300000, 0x0000000087300000|100%| O|  |TAMS 0x0000000087200000, 0x0000000087300000| Untracked 
|  95|0x0000000087300000, 0x0000000087400000, 0x0000000087400000|100%| O|  |TAMS 0x0000000087300000, 0x0000000087400000| Untracked 
|  96|0x0000000087400000, 0x0000000087500000, 0x0000000087500000|100%| O|  |TAMS 0x0000000087400000, 0x0000000087500000| Untracked 
|  97|0x0000000087500000, 0x0000000087600000, 0x0000000087600000|100%| O|  |TAMS 0x0000000087500000, 0x0000000087600000| Untracked 
|  98|0x0000000087600000, 0x0000000087700000, 0x0000000087700000|100%| O|  |TAMS 0x0000000087600000, 0x0000000087700000| Untracked 
|  99|0x0000000087700000, 0x0000000087800000, 0x0000000087800000|100%| O|  |TAMS 0x0000000087700000, 0x0000000087800000| Untracked 
| 100|0x0000000087800000, 0x0000000087900000, 0x0000000087900000|100%| O|  |TAMS 0x0000000087800000, 0x0000000087900000| Untracked 
| 101|0x0000000087900000, 0x0000000087a00000, 0x0000000087a00000|100%| O|  |TAMS 0x0000000087900000, 0x0000000087a00000| Untracked 
| 102|0x0000000087a00000, 0x0000000087b00000, 0x0000000087b00000|100%| O|  |TAMS 0x0000000087a00000, 0x0000000087b00000| Untracked 
| 103|0x0000000087b00000, 0x0000000087c00000, 0x0000000087c00000|100%| O|  |TAMS 0x0000000087b00000, 0x0000000087c00000| Untracked 
| 104|0x0000000087c00000, 0x0000000087d00000, 0x0000000087d00000|100%| O|  |TAMS 0x0000000087c00000, 0x0000000087d00000| Untracked 
| 105|0x0000000087d00000, 0x0000000087e00000, 0x0000000087e00000|100%| O|  |TAMS 0x0000000087d00000, 0x0000000087e00000| Untracked 
| 106|0x0000000087e00000, 0x0000000087f00000, 0x0000000087f00000|100%| O|  |TAMS 0x0000000087e00000, 0x0000000087f00000| Untracked 
| 107|0x0000000087f00000, 0x0000000088000000, 0x0000000088000000|100%| O|  |TAMS 0x0000000087f00000, 0x0000000088000000| Untracked 
| 108|0x0000000088000000, 0x0000000088100000, 0x0000000088100000|100%| O|  |TAMS 0x0000000088000000, 0x0000000088100000| Untracked 
| 109|0x0000000088100000, 0x0000000088200000, 0x0000000088200000|100%| O|  |TAMS 0x0000000088100000, 0x0000000088200000| Untracked 
| 110|0x0000000088200000, 0x0000000088300000, 0x0000000088300000|100%| O|  |TAMS 0x0000000088200000, 0x0000000088300000| Untracked 
| 111|0x0000000088300000, 0x0000000088400000, 0x0000000088400000|100%| O|  |TAMS 0x0000000088300000, 0x0000000088400000| Untracked 
| 112|0x0000000088400000, 0x0000000088500000, 0x0000000088500000|100%| O|  |TAMS 0x0000000088400000, 0x0000000088500000| Untracked 
| 113|0x0000000088500000, 0x0000000088600000, 0x0000000088600000|100%| O|  |TAMS 0x0000000088500000, 0x0000000088600000| Untracked 
| 114|0x0000000088600000, 0x0000000088700000, 0x0000000088700000|100%| O|  |TAMS 0x0000000088600000, 0x0000000088700000| Untracked 
| 115|0x0000000088700000, 0x0000000088800000, 0x0000000088800000|100%| O|  |TAMS 0x0000000088700000, 0x0000000088800000| Untracked 
| 116|0x0000000088800000, 0x0000000088900000, 0x0000000088900000|100%| O|  |TAMS 0x0000000088800000, 0x0000000088900000| Untracked 
| 117|0x0000000088900000, 0x0000000088a00000, 0x0000000088a00000|100%| O|  |TAMS 0x0000000088900000, 0x0000000088a00000| Untracked 
| 118|0x0000000088a00000, 0x0000000088b00000, 0x0000000088b00000|100%| O|  |TAMS 0x0000000088a00000, 0x0000000088b00000| Untracked 
| 119|0x0000000088b00000, 0x0000000088c00000, 0x0000000088c00000|100%| O|  |TAMS 0x0000000088b00000, 0x0000000088c00000| Untracked 
| 120|0x0000000088c00000, 0x0000000088d00000, 0x0000000088d00000|100%| O|  |TAMS 0x0000000088c00000, 0x0000000088d00000| Untracked 
| 121|0x0000000088d00000, 0x0000000088e00000, 0x0000000088e00000|100%| O|  |TAMS 0x0000000088d00000, 0x0000000088e00000| Untracked 
| 122|0x0000000088e00000, 0x0000000088f00000, 0x0000000088f00000|100%| O|  |TAMS 0x0000000088e00000, 0x0000000088f00000| Untracked 
| 123|0x0000000088f00000, 0x0000000089000000, 0x0000000089000000|100%| O|  |TAMS 0x0000000088f00000, 0x0000000089000000| Untracked 
| 124|0x0000000089000000, 0x0000000089100000, 0x0000000089100000|100%| O|  |TAMS 0x0000000089000000, 0x0000000089100000| Untracked 
| 125|0x0000000089100000, 0x0000000089200000, 0x0000000089200000|100%| O|  |TAMS 0x0000000089100000, 0x0000000089200000| Untracked 
| 126|0x0000000089200000, 0x0000000089300000, 0x0000000089300000|100%| O|  |TAMS 0x0000000089200000, 0x0000000089300000| Untracked 
| 127|0x0000000089300000, 0x0000000089400000, 0x0000000089400000|100%| O|  |TAMS 0x0000000089300000, 0x0000000089400000| Untracked 
| 128|0x0000000089400000, 0x0000000089500000, 0x0000000089500000|100%| O|  |TAMS 0x0000000089400000, 0x0000000089500000| Untracked 
| 129|0x0000000089500000, 0x0000000089600000, 0x0000000089600000|100%| O|  |TAMS 0x0000000089500000, 0x0000000089600000| Untracked 
| 130|0x0000000089600000, 0x0000000089700000, 0x0000000089700000|100%| O|  |TAMS 0x0000000089600000, 0x0000000089700000| Untracked 
| 131|0x0000000089700000, 0x0000000089800000, 0x0000000089800000|100%| O|  |TAMS 0x0000000089700000, 0x0000000089800000| Untracked 
| 132|0x0000000089800000, 0x0000000089900000, 0x0000000089900000|100%| O|  |TAMS 0x0000000089800000, 0x0000000089900000| Untracked 
| 133|0x0000000089900000, 0x0000000089a00000, 0x0000000089a00000|100%| O|  |TAMS 0x0000000089900000, 0x0000000089a00000| Untracked 
| 134|0x0000000089a00000, 0x0000000089b00000, 0x0000000089b00000|100%| O|  |TAMS 0x0000000089a00000, 0x0000000089b00000| Untracked 
| 135|0x0000000089b00000, 0x0000000089c00000, 0x0000000089c00000|100%| O|  |TAMS 0x0000000089b00000, 0x0000000089c00000| Untracked 
| 136|0x0000000089c00000, 0x0000000089d00000, 0x0000000089d00000|100%| O|  |TAMS 0x0000000089c00000, 0x0000000089d00000| Untracked 
| 137|0x0000000089d00000, 0x0000000089e00000, 0x0000000089e00000|100%| O|  |TAMS 0x0000000089d00000, 0x0000000089e00000| Untracked 
| 138|0x0000000089e00000, 0x0000000089f00000, 0x0000000089f00000|100%| O|  |TAMS 0x0000000089e00000, 0x0000000089f00000| Untracked 
| 139|0x0000000089f00000, 0x000000008a000000, 0x000000008a000000|100%| O|  |TAMS 0x0000000089f00000, 0x000000008a000000| Untracked 
| 140|0x000000008a000000, 0x000000008a100000, 0x000000008a100000|100%| O|  |TAMS 0x000000008a000000, 0x000000008a100000| Untracked 
| 141|0x000000008a100000, 0x000000008a200000, 0x000000008a200000|100%| O|  |TAMS 0x000000008a100000, 0x000000008a200000| Untracked 
| 142|0x000000008a200000, 0x000000008a300000, 0x000000008a300000|100%| O|  |TAMS 0x000000008a200000, 0x000000008a300000| Untracked 
| 143|0x000000008a300000, 0x000000008a400000, 0x000000008a400000|100%| O|  |TAMS 0x000000008a300000, 0x000000008a400000| Untracked 
| 144|0x000000008a400000, 0x000000008a500000, 0x000000008a500000|100%| O|  |TAMS 0x000000008a400000, 0x000000008a500000| Untracked 
| 145|0x000000008a500000, 0x000000008a600000, 0x000000008a600000|100%| O|  |TAMS 0x000000008a500000, 0x000000008a600000| Untracked 
| 146|0x000000008a600000, 0x000000008a700000, 0x000000008a700000|100%| O|  |TAMS 0x000000008a600000, 0x000000008a700000| Untracked 
| 147|0x000000008a700000, 0x000000008a800000, 0x000000008a800000|100%| O|  |TAMS 0x000000008a700000, 0x000000008a800000| Untracked 
| 148|0x000000008a800000, 0x000000008a900000, 0x000000008a900000|100%| O|  |TAMS 0x000000008a800000, 0x000000008a900000| Untracked 
| 149|0x000000008a900000, 0x000000008aa00000, 0x000000008aa00000|100%| O|  |TAMS 0x000000008a900000, 0x000000008aa00000| Untracked 
| 150|0x000000008aa00000, 0x000000008ab00000, 0x000000008ab00000|100%| O|  |TAMS 0x000000008aa00000, 0x000000008ab00000| Untracked 
| 151|0x000000008ab00000, 0x000000008ac00000, 0x000000008ac00000|100%| O|  |TAMS 0x000000008ab00000, 0x000000008ac00000| Untracked 
| 152|0x000000008ac00000, 0x000000008ad00000, 0x000000008ad00000|100%| O|  |TAMS 0x000000008ac00000, 0x000000008ad00000| Untracked 
| 153|0x000000008ad00000, 0x000000008ae00000, 0x000000008ae00000|100%| O|  |TAMS 0x000000008ad00000, 0x000000008ae00000| Untracked 
| 154|0x000000008ae00000, 0x000000008af00000, 0x000000008af00000|100%| O|  |TAMS 0x000000008ae00000, 0x000000008af00000| Untracked 
| 155|0x000000008af00000, 0x000000008b000000, 0x000000008b000000|100%| O|  |TAMS 0x000000008af00000, 0x000000008b000000| Untracked 
| 156|0x000000008b000000, 0x000000008b100000, 0x000000008b100000|100%| O|  |TAMS 0x000000008b000000, 0x000000008b100000| Untracked 
| 157|0x000000008b100000, 0x000000008b200000, 0x000000008b200000|100%| O|  |TAMS 0x000000008b100000, 0x000000008b200000| Untracked 
| 158|0x000000008b200000, 0x000000008b300000, 0x000000008b300000|100%| O|  |TAMS 0x000000008b200000, 0x000000008b300000| Untracked 
| 159|0x000000008b300000, 0x000000008b400000, 0x000000008b400000|100%| O|  |TAMS 0x000000008b300000, 0x000000008b400000| Untracked 
| 160|0x000000008b400000, 0x000000008b500000, 0x000000008b500000|100%| O|  |TAMS 0x000000008b400000, 0x000000008b500000| Untracked 
| 161|0x000000008b500000, 0x000000008b600000, 0x000000008b600000|100%| O|  |TAMS 0x000000008b500000, 0x000000008b600000| Untracked 
| 162|0x000000008b600000, 0x000000008b700000, 0x000000008b700000|100%| O|  |TAMS 0x000000008b600000, 0x000000008b6ff400| Untracked 
| 163|0x000000008b700000, 0x000000008b800000, 0x000000008b800000|100%| O|  |TAMS 0x000000008b700000, 0x000000008b700000| Untracked 
| 164|0x000000008b800000, 0x000000008b900000, 0x000000008b900000|100%| O|  |TAMS 0x000000008b800000, 0x000000008b800000| Untracked 
| 165|0x000000008b900000, 0x000000008ba00000, 0x000000008ba00000|100%| O|  |TAMS 0x000000008b900000, 0x000000008b900000| Untracked 
| 166|0x000000008ba00000, 0x000000008bb00000, 0x000000008bb00000|100%| O|  |TAMS 0x000000008ba00000, 0x000000008ba00000| Untracked 
| 167|0x000000008bb00000, 0x000000008bc00000, 0x000000008bc00000|100%| O|  |TAMS 0x000000008bb00000, 0x000000008bb00000| Untracked 
| 168|0x000000008bc00000, 0x000000008bd00000, 0x000000008bd00000|100%| O|  |TAMS 0x000000008bc00000, 0x000000008bc00000| Untracked 
| 169|0x000000008bd00000, 0x000000008be00000, 0x000000008be00000|100%| O|  |TAMS 0x000000008bd00000, 0x000000008bd00000| Untracked 
| 170|0x000000008be00000, 0x000000008bf00000, 0x000000008bf00000|100%| O|  |TAMS 0x000000008be00000, 0x000000008be00000| Untracked 
| 171|0x000000008bf00000, 0x000000008c000000, 0x000000008c000000|100%| O|  |TAMS 0x000000008bf00000, 0x000000008bf00000| Untracked 
| 172|0x000000008c000000, 0x000000008c100000, 0x000000008c100000|100%| O|  |TAMS 0x000000008c000000, 0x000000008c000000| Untracked 
| 173|0x000000008c100000, 0x000000008c200000, 0x000000008c200000|100%| O|  |TAMS 0x000000008c100000, 0x000000008c100000| Untracked 
| 174|0x000000008c200000, 0x000000008c300000, 0x000000008c300000|100%| O|  |TAMS 0x000000008c200000, 0x000000008c200000| Untracked 
| 175|0x000000008c300000, 0x000000008c400000, 0x000000008c400000|100%| O|  |TAMS 0x000000008c300000, 0x000000008c300000| Untracked 
| 176|0x000000008c400000, 0x000000008c500000, 0x000000008c500000|100%| O|  |TAMS 0x000000008c400000, 0x000000008c400000| Untracked 
| 177|0x000000008c500000, 0x000000008c600000, 0x000000008c600000|100%| O|  |TAMS 0x000000008c500000, 0x000000008c500000| Untracked 
| 178|0x000000008c600000, 0x000000008c700000, 0x000000008c700000|100%| O|  |TAMS 0x000000008c600000, 0x000000008c600000| Untracked 
| 179|0x000000008c700000, 0x000000008c800000, 0x000000008c800000|100%| O|  |TAMS 0x000000008c700000, 0x000000008c700000| Untracked 
| 180|0x000000008c800000, 0x000000008c900000, 0x000000008c900000|100%| O|  |TAMS 0x000000008c800000, 0x000000008c800000| Untracked 
| 181|0x000000008c900000, 0x000000008ca00000, 0x000000008ca00000|100%| O|  |TAMS 0x000000008c900000, 0x000000008c900000| Untracked 
| 182|0x000000008ca00000, 0x000000008cb00000, 0x000000008cb00000|100%| O|  |TAMS 0x000000008ca00000, 0x000000008ca00000| Untracked 
| 183|0x000000008cb00000, 0x000000008cc00000, 0x000000008cc00000|100%| O|  |TAMS 0x000000008cb00000, 0x000000008cb00000| Untracked 
| 184|0x000000008cc00000, 0x000000008cc00000, 0x000000008cd00000|  0%| F|  |TAMS 0x000000008cc00000, 0x000000008cc00000| Untracked 
| 185|0x000000008cd00000, 0x000000008cd00000, 0x000000008ce00000|  0%| F|  |TAMS 0x000000008cd00000, 0x000000008cd00000| Untracked 
| 186|0x000000008ce00000, 0x000000008ce00000, 0x000000008cf00000|  0%| F|  |TAMS 0x000000008ce00000, 0x000000008ce00000| Untracked 
| 187|0x000000008cf00000, 0x000000008cf00000, 0x000000008d000000|  0%| F|  |TAMS 0x000000008cf00000, 0x000000008cf00000| Untracked 
| 188|0x000000008d000000, 0x000000008d000000, 0x000000008d100000|  0%| F|  |TAMS 0x000000008d000000, 0x000000008d000000| Untracked 
| 189|0x000000008d100000, 0x000000008d100000, 0x000000008d200000|  0%| F|  |TAMS 0x000000008d100000, 0x000000008d100000| Untracked 
| 190|0x000000008d200000, 0x000000008d200000, 0x000000008d300000|  0%| F|  |TAMS 0x000000008d200000, 0x000000008d200000| Untracked 
| 191|0x000000008d300000, 0x000000008d300000, 0x000000008d400000|  0%| F|  |TAMS 0x000000008d300000, 0x000000008d300000| Untracked 
| 192|0x000000008d400000, 0x000000008d400000, 0x000000008d500000|  0%| F|  |TAMS 0x000000008d400000, 0x000000008d400000| Untracked 
| 193|0x000000008d500000, 0x000000008d500000, 0x000000008d600000|  0%| F|  |TAMS 0x000000008d500000, 0x000000008d500000| Untracked 
| 194|0x000000008d600000, 0x000000008d600000, 0x000000008d700000|  0%| F|  |TAMS 0x000000008d600000, 0x000000008d600000| Untracked 
| 195|0x000000008d700000, 0x000000008d700000, 0x000000008d800000|  0%| F|  |TAMS 0x000000008d700000, 0x000000008d700000| Untracked 
| 196|0x000000008d800000, 0x000000008d800000, 0x000000008d900000|  0%| F|  |TAMS 0x000000008d800000, 0x000000008d800000| Untracked 
| 197|0x000000008d900000, 0x000000008d900000, 0x000000008da00000|  0%| F|  |TAMS 0x000000008d900000, 0x000000008d900000| Untracked 
| 198|0x000000008da00000, 0x000000008da00000, 0x000000008db00000|  0%| F|  |TAMS 0x000000008da00000, 0x000000008da00000| Untracked 
| 199|0x000000008db00000, 0x000000008db00000, 0x000000008dc00000|  0%| F|  |TAMS 0x000000008db00000, 0x000000008db00000| Untracked 
| 200|0x000000008dc00000, 0x000000008dc00000, 0x000000008dd00000|  0%| F|  |TAMS 0x000000008dc00000, 0x000000008dc00000| Untracked 
| 201|0x000000008dd00000, 0x000000008dd00000, 0x000000008de00000|  0%| F|  |TAMS 0x000000008dd00000, 0x000000008dd00000| Untracked 
| 202|0x000000008de00000, 0x000000008de00000, 0x000000008df00000|  0%| F|  |TAMS 0x000000008de00000, 0x000000008de00000| Untracked 
| 203|0x000000008df00000, 0x000000008df00000, 0x000000008e000000|  0%| F|  |TAMS 0x000000008df00000, 0x000000008df00000| Untracked 
| 204|0x000000008e000000, 0x000000008e000000, 0x000000008e100000|  0%| F|  |TAMS 0x000000008e000000, 0x000000008e000000| Untracked 
| 205|0x000000008e100000, 0x000000008e100000, 0x000000008e200000|  0%| F|  |TAMS 0x000000008e100000, 0x000000008e100000| Untracked 
| 206|0x000000008e200000, 0x000000008e200000, 0x000000008e300000|  0%| F|  |TAMS 0x000000008e200000, 0x000000008e200000| Untracked 
| 207|0x000000008e300000, 0x000000008e300000, 0x000000008e400000|  0%| F|  |TAMS 0x000000008e300000, 0x000000008e300000| Untracked 
| 208|0x000000008e400000, 0x000000008e400000, 0x000000008e500000|  0%| F|  |TAMS 0x000000008e400000, 0x000000008e400000| Untracked 
| 209|0x000000008e500000, 0x000000008e500000, 0x000000008e600000|  0%| F|  |TAMS 0x000000008e500000, 0x000000008e500000| Untracked 
| 210|0x000000008e600000, 0x000000008e600000, 0x000000008e700000|  0%| F|  |TAMS 0x000000008e600000, 0x000000008e600000| Untracked 
| 211|0x000000008e700000, 0x000000008e700000, 0x000000008e800000|  0%| F|  |TAMS 0x000000008e700000, 0x000000008e700000| Untracked 
| 212|0x000000008e800000, 0x000000008e800000, 0x000000008e900000|  0%| F|  |TAMS 0x000000008e800000, 0x000000008e800000| Untracked 
| 213|0x000000008e900000, 0x000000008e900000, 0x000000008ea00000|  0%| F|  |TAMS 0x000000008e900000, 0x000000008e900000| Untracked 
| 214|0x000000008ea00000, 0x000000008ea00000, 0x000000008eb00000|  0%| F|  |TAMS 0x000000008ea00000, 0x000000008ea00000| Untracked 
| 215|0x000000008eb00000, 0x000000008eb00000, 0x000000008ec00000|  0%| F|  |TAMS 0x000000008eb00000, 0x000000008eb00000| Untracked 
| 216|0x000000008ec00000, 0x000000008ec00000, 0x000000008ed00000|  0%| F|  |TAMS 0x000000008ec00000, 0x000000008ec00000| Untracked 
| 217|0x000000008ed00000, 0x000000008ed00000, 0x000000008ee00000|  0%| F|  |TAMS 0x000000008ed00000, 0x000000008ed00000| Untracked 
| 218|0x000000008ee00000, 0x000000008ee00000, 0x000000008ef00000|  0%| F|  |TAMS 0x000000008ee00000, 0x000000008ee00000| Untracked 
| 219|0x000000008ef00000, 0x000000008ef00000, 0x000000008f000000|  0%| F|  |TAMS 0x000000008ef00000, 0x000000008ef00000| Untracked 
| 220|0x000000008f000000, 0x000000008f000000, 0x000000008f100000|  0%| F|  |TAMS 0x000000008f000000, 0x000000008f000000| Untracked 
| 221|0x000000008f100000, 0x000000008f100000, 0x000000008f200000|  0%| F|  |TAMS 0x000000008f100000, 0x000000008f100000| Untracked 
| 222|0x000000008f200000, 0x000000008f200000, 0x000000008f300000|  0%| F|  |TAMS 0x000000008f200000, 0x000000008f200000| Untracked 
| 223|0x000000008f300000, 0x000000008f300000, 0x000000008f400000|  0%| F|  |TAMS 0x000000008f300000, 0x000000008f300000| Untracked 
| 224|0x000000008f400000, 0x000000008f400000, 0x000000008f500000|  0%| F|  |TAMS 0x000000008f400000, 0x000000008f400000| Untracked 
| 225|0x000000008f500000, 0x000000008f500000, 0x000000008f600000|  0%| F|  |TAMS 0x000000008f500000, 0x000000008f500000| Untracked 
| 226|0x000000008f600000, 0x000000008f600000, 0x000000008f700000|  0%| F|  |TAMS 0x000000008f600000, 0x000000008f600000| Untracked 
| 227|0x000000008f700000, 0x000000008f700000, 0x000000008f800000|  0%| F|  |TAMS 0x000000008f700000, 0x000000008f700000| Untracked 
| 228|0x000000008f800000, 0x000000008f800000, 0x000000008f900000|  0%| F|  |TAMS 0x000000008f800000, 0x000000008f800000| Untracked 
| 229|0x000000008f900000, 0x000000008f900000, 0x000000008fa00000|  0%| F|  |TAMS 0x000000008f900000, 0x000000008f900000| Untracked 
| 230|0x000000008fa00000, 0x000000008fa00000, 0x000000008fb00000|  0%| F|  |TAMS 0x000000008fa00000, 0x000000008fa00000| Untracked 
| 231|0x000000008fb00000, 0x000000008fb00000, 0x000000008fc00000|  0%| F|  |TAMS 0x000000008fb00000, 0x000000008fb00000| Untracked 
| 232|0x000000008fc00000, 0x000000008fc00000, 0x000000008fd00000|  0%| F|  |TAMS 0x000000008fc00000, 0x000000008fc00000| Untracked 
| 233|0x000000008fd00000, 0x000000008fd00000, 0x000000008fe00000|  0%| F|  |TAMS 0x000000008fd00000, 0x000000008fd00000| Untracked 
| 234|0x000000008fe00000, 0x000000008fe00000, 0x000000008ff00000|  0%| F|  |TAMS 0x000000008fe00000, 0x000000008fe00000| Untracked 
| 235|0x000000008ff00000, 0x000000008ff00000, 0x0000000090000000|  0%| F|  |TAMS 0x000000008ff00000, 0x000000008ff00000| Untracked 
| 236|0x0000000090000000, 0x0000000090000000, 0x0000000090100000|  0%| F|  |TAMS 0x0000000090000000, 0x0000000090000000| Untracked 
| 237|0x0000000090100000, 0x0000000090100000, 0x0000000090200000|  0%| F|  |TAMS 0x0000000090100000, 0x0000000090100000| Untracked 
| 238|0x0000000090200000, 0x0000000090200000, 0x0000000090300000|  0%| F|  |TAMS 0x0000000090200000, 0x0000000090200000| Untracked 
| 239|0x0000000090300000, 0x0000000090300000, 0x0000000090400000|  0%| F|  |TAMS 0x0000000090300000, 0x0000000090300000| Untracked 
| 240|0x0000000090400000, 0x0000000090400000, 0x0000000090500000|  0%| F|  |TAMS 0x0000000090400000, 0x0000000090400000| Untracked 
| 241|0x0000000090500000, 0x0000000090500000, 0x0000000090600000|  0%| F|  |TAMS 0x0000000090500000, 0x0000000090500000| Untracked 
| 242|0x0000000090600000, 0x0000000090600000, 0x0000000090700000|  0%| F|  |TAMS 0x0000000090600000, 0x0000000090600000| Untracked 
| 243|0x0000000090700000, 0x0000000090700000, 0x0000000090800000|  0%| F|  |TAMS 0x0000000090700000, 0x0000000090700000| Untracked 
| 244|0x0000000090800000, 0x0000000090800000, 0x0000000090900000|  0%| F|  |TAMS 0x0000000090800000, 0x0000000090800000| Untracked 
| 245|0x0000000090900000, 0x0000000090a00000, 0x0000000090a00000|100%| S|CS|TAMS 0x0000000090900000, 0x0000000090900000| Complete 
| 246|0x0000000090a00000, 0x0000000090b00000, 0x0000000090b00000|100%| S|CS|TAMS 0x0000000090a00000, 0x0000000090a00000| Complete 
| 247|0x0000000090b00000, 0x0000000090c00000, 0x0000000090c00000|100%| S|CS|TAMS 0x0000000090b00000, 0x0000000090b00000| Complete 
| 248|0x0000000090c00000, 0x0000000090d00000, 0x0000000090d00000|100%| S|CS|TAMS 0x0000000090c00000, 0x0000000090c00000| Complete 
| 249|0x0000000090d00000, 0x0000000090e00000, 0x0000000090e00000|100%| S|CS|TAMS 0x0000000090d00000, 0x0000000090d00000| Complete 
| 250|0x0000000090e00000, 0x0000000090f00000, 0x0000000090f00000|100%| S|CS|TAMS 0x0000000090e00000, 0x0000000090e00000| Complete 
| 251|0x0000000090f00000, 0x0000000091000000, 0x0000000091000000|100%| S|CS|TAMS 0x0000000090f00000, 0x0000000090f00000| Complete 
| 252|0x0000000091000000, 0x0000000091100000, 0x0000000091100000|100%| S|CS|TAMS 0x0000000091000000, 0x0000000091000000| Complete 
| 253|0x0000000091100000, 0x0000000091200000, 0x0000000091200000|100%| S|CS|TAMS 0x0000000091100000, 0x0000000091100000| Complete 
| 254|0x0000000091200000, 0x0000000091300000, 0x0000000091300000|100%| S|CS|TAMS 0x0000000091200000, 0x0000000091200000| Complete 
| 255|0x0000000091300000, 0x0000000091400000, 0x0000000091400000|100%| S|CS|TAMS 0x0000000091300000, 0x0000000091300000| Complete 
| 256|0x0000000091400000, 0x0000000091500000, 0x0000000091500000|100%| S|CS|TAMS 0x0000000091400000, 0x0000000091400000| Complete 
| 257|0x0000000091500000, 0x0000000091500000, 0x0000000091600000|  0%| F|  |TAMS 0x0000000091500000, 0x0000000091500000| Untracked 
| 258|0x0000000091600000, 0x0000000091600000, 0x0000000091700000|  0%| F|  |TAMS 0x0000000091600000, 0x0000000091600000| Untracked 
| 259|0x0000000091700000, 0x0000000091700000, 0x0000000091800000|  0%| F|  |TAMS 0x0000000091700000, 0x0000000091700000| Untracked 
| 260|0x0000000091800000, 0x0000000091800000, 0x0000000091900000|  0%| F|  |TAMS 0x0000000091800000, 0x0000000091800000| Untracked 
| 261|0x0000000091900000, 0x0000000091900000, 0x0000000091a00000|  0%| F|  |TAMS 0x0000000091900000, 0x0000000091900000| Untracked 
| 262|0x0000000091a00000, 0x0000000091a00000, 0x0000000091b00000|  0%| F|  |TAMS 0x0000000091a00000, 0x0000000091a00000| Untracked 
| 263|0x0000000091b00000, 0x0000000091b00000, 0x0000000091c00000|  0%| F|  |TAMS 0x0000000091b00000, 0x0000000091b00000| Untracked 
| 264|0x0000000091c00000, 0x0000000091c00000, 0x0000000091d00000|  0%| F|  |TAMS 0x0000000091c00000, 0x0000000091c00000| Untracked 
| 265|0x0000000091d00000, 0x0000000091d00000, 0x0000000091e00000|  0%| F|  |TAMS 0x0000000091d00000, 0x0000000091d00000| Untracked 
| 266|0x0000000091e00000, 0x0000000091e00000, 0x0000000091f00000|  0%| F|  |TAMS 0x0000000091e00000, 0x0000000091e00000| Untracked 
| 267|0x0000000091f00000, 0x0000000091f00000, 0x0000000092000000|  0%| F|  |TAMS 0x0000000091f00000, 0x0000000091f00000| Untracked 
| 268|0x0000000092000000, 0x0000000092000000, 0x0000000092100000|  0%| F|  |TAMS 0x0000000092000000, 0x0000000092000000| Untracked 
| 269|0x0000000092100000, 0x0000000092100000, 0x0000000092200000|  0%| F|  |TAMS 0x0000000092100000, 0x0000000092100000| Untracked 
| 270|0x0000000092200000, 0x0000000092200000, 0x0000000092300000|  0%| F|  |TAMS 0x0000000092200000, 0x0000000092200000| Untracked 
| 271|0x0000000092300000, 0x0000000092300000, 0x0000000092400000|  0%| F|  |TAMS 0x0000000092300000, 0x0000000092300000| Untracked 
| 272|0x0000000092400000, 0x0000000092400000, 0x0000000092500000|  0%| F|  |TAMS 0x0000000092400000, 0x0000000092400000| Untracked 
| 273|0x0000000092500000, 0x0000000092500000, 0x0000000092600000|  0%| F|  |TAMS 0x0000000092500000, 0x0000000092500000| Untracked 
| 274|0x0000000092600000, 0x0000000092600000, 0x0000000092700000|  0%| F|  |TAMS 0x0000000092600000, 0x0000000092600000| Untracked 
| 275|0x0000000092700000, 0x0000000092700000, 0x0000000092800000|  0%| F|  |TAMS 0x0000000092700000, 0x0000000092700000| Untracked 
| 276|0x0000000092800000, 0x0000000092800000, 0x0000000092900000|  0%| F|  |TAMS 0x0000000092800000, 0x0000000092800000| Untracked 
| 277|0x0000000092900000, 0x0000000092900000, 0x0000000092a00000|  0%| F|  |TAMS 0x0000000092900000, 0x0000000092900000| Untracked 
| 278|0x0000000092a00000, 0x0000000092a00000, 0x0000000092b00000|  0%| F|  |TAMS 0x0000000092a00000, 0x0000000092a00000| Untracked 
| 279|0x0000000092b00000, 0x0000000092b00000, 0x0000000092c00000|  0%| F|  |TAMS 0x0000000092b00000, 0x0000000092b00000| Untracked 
| 280|0x0000000092c00000, 0x0000000092c00000, 0x0000000092d00000|  0%| F|  |TAMS 0x0000000092c00000, 0x0000000092c00000| Untracked 
| 281|0x0000000092d00000, 0x0000000092d00000, 0x0000000092e00000|  0%| F|  |TAMS 0x0000000092d00000, 0x0000000092d00000| Untracked 
| 282|0x0000000092e00000, 0x0000000092e00000, 0x0000000092f00000|  0%| F|  |TAMS 0x0000000092e00000, 0x0000000092e00000| Untracked 
| 283|0x0000000092f00000, 0x0000000092f00000, 0x0000000093000000|  0%| F|  |TAMS 0x0000000092f00000, 0x0000000092f00000| Untracked 
| 284|0x0000000093000000, 0x0000000093000000, 0x0000000093100000|  0%| F|  |TAMS 0x0000000093000000, 0x0000000093000000| Untracked 
| 285|0x0000000093100000, 0x0000000093100000, 0x0000000093200000|  0%| F|  |TAMS 0x0000000093100000, 0x0000000093100000| Untracked 
| 286|0x0000000093200000, 0x0000000093200000, 0x0000000093300000|  0%| F|  |TAMS 0x0000000093200000, 0x0000000093200000| Untracked 
| 287|0x0000000093300000, 0x0000000093300000, 0x0000000093400000|  0%| F|  |TAMS 0x0000000093300000, 0x0000000093300000| Untracked 
| 288|0x0000000093400000, 0x0000000093400000, 0x0000000093500000|  0%| F|  |TAMS 0x0000000093400000, 0x0000000093400000| Untracked 
| 289|0x0000000093500000, 0x0000000093500000, 0x0000000093600000|  0%| F|  |TAMS 0x0000000093500000, 0x0000000093500000| Untracked 
| 290|0x0000000093600000, 0x0000000093600000, 0x0000000093700000|  0%| F|  |TAMS 0x0000000093600000, 0x0000000093600000| Untracked 
| 291|0x0000000093700000, 0x0000000093700000, 0x0000000093800000|  0%| F|  |TAMS 0x0000000093700000, 0x0000000093700000| Untracked 
| 292|0x0000000093800000, 0x0000000093800000, 0x0000000093900000|  0%| F|  |TAMS 0x0000000093800000, 0x0000000093800000| Untracked 
| 293|0x0000000093900000, 0x0000000093900000, 0x0000000093a00000|  0%| F|  |TAMS 0x0000000093900000, 0x0000000093900000| Untracked 
| 294|0x0000000093a00000, 0x0000000093a00000, 0x0000000093b00000|  0%| F|  |TAMS 0x0000000093a00000, 0x0000000093a00000| Untracked 
| 295|0x0000000093b00000, 0x0000000093b00000, 0x0000000093c00000|  0%| F|  |TAMS 0x0000000093b00000, 0x0000000093b00000| Untracked 
| 296|0x0000000093c00000, 0x0000000093c00000, 0x0000000093d00000|  0%| F|  |TAMS 0x0000000093c00000, 0x0000000093c00000| Untracked 
| 297|0x0000000093d00000, 0x0000000093d00000, 0x0000000093e00000|  0%| F|  |TAMS 0x0000000093d00000, 0x0000000093d00000| Untracked 
| 298|0x0000000093e00000, 0x0000000093e00000, 0x0000000093f00000|  0%| F|  |TAMS 0x0000000093e00000, 0x0000000093e00000| Untracked 
| 299|0x0000000093f00000, 0x0000000093f00000, 0x0000000094000000|  0%| F|  |TAMS 0x0000000093f00000, 0x0000000093f00000| Untracked 
| 300|0x0000000094000000, 0x0000000094000000, 0x0000000094100000|  0%| F|  |TAMS 0x0000000094000000, 0x0000000094000000| Untracked 
| 301|0x0000000094100000, 0x0000000094100000, 0x0000000094200000|  0%| F|  |TAMS 0x0000000094100000, 0x0000000094100000| Untracked 
| 302|0x0000000094200000, 0x0000000094200000, 0x0000000094300000|  0%| F|  |TAMS 0x0000000094200000, 0x0000000094200000| Untracked 
| 303|0x0000000094300000, 0x0000000094300000, 0x0000000094400000|  0%| F|  |TAMS 0x0000000094300000, 0x0000000094300000| Untracked 
| 304|0x0000000094400000, 0x0000000094400000, 0x0000000094500000|  0%| F|  |TAMS 0x0000000094400000, 0x0000000094400000| Untracked 
| 305|0x0000000094500000, 0x0000000094500000, 0x0000000094600000|  0%| F|  |TAMS 0x0000000094500000, 0x0000000094500000| Untracked 
| 306|0x0000000094600000, 0x0000000094600000, 0x0000000094700000|  0%| F|  |TAMS 0x0000000094600000, 0x0000000094600000| Untracked 
| 307|0x0000000094700000, 0x0000000094700000, 0x0000000094800000|  0%| F|  |TAMS 0x0000000094700000, 0x0000000094700000| Untracked 
| 308|0x0000000094800000, 0x0000000094800000, 0x0000000094900000|  0%| F|  |TAMS 0x0000000094800000, 0x0000000094800000| Untracked 
| 309|0x0000000094900000, 0x0000000094900000, 0x0000000094a00000|  0%| F|  |TAMS 0x0000000094900000, 0x0000000094900000| Untracked 
| 310|0x0000000094a00000, 0x0000000094a00000, 0x0000000094b00000|  0%| F|  |TAMS 0x0000000094a00000, 0x0000000094a00000| Untracked 
| 311|0x0000000094b00000, 0x0000000094b00000, 0x0000000094c00000|  0%| F|  |TAMS 0x0000000094b00000, 0x0000000094b00000| Untracked 
| 312|0x0000000094c00000, 0x0000000094c00000, 0x0000000094d00000|  0%| F|  |TAMS 0x0000000094c00000, 0x0000000094c00000| Untracked 
| 313|0x0000000094d00000, 0x0000000094d00000, 0x0000000094e00000|  0%| F|  |TAMS 0x0000000094d00000, 0x0000000094d00000| Untracked 
| 314|0x0000000094e00000, 0x0000000094e00000, 0x0000000094f00000|  0%| F|  |TAMS 0x0000000094e00000, 0x0000000094e00000| Untracked 
| 315|0x0000000094f00000, 0x0000000094f00000, 0x0000000095000000|  0%| F|  |TAMS 0x0000000094f00000, 0x0000000094f00000| Untracked 
| 316|0x0000000095000000, 0x0000000095000000, 0x0000000095100000|  0%| F|  |TAMS 0x0000000095000000, 0x0000000095000000| Untracked 
| 317|0x0000000095100000, 0x0000000095100000, 0x0000000095200000|  0%| F|  |TAMS 0x0000000095100000, 0x0000000095100000| Untracked 
| 318|0x0000000095200000, 0x0000000095200000, 0x0000000095300000|  0%| F|  |TAMS 0x0000000095200000, 0x0000000095200000| Untracked 
| 319|0x0000000095300000, 0x0000000095300000, 0x0000000095400000|  0%| F|  |TAMS 0x0000000095300000, 0x0000000095300000| Untracked 
| 320|0x0000000095400000, 0x0000000095400000, 0x0000000095500000|  0%| F|  |TAMS 0x0000000095400000, 0x0000000095400000| Untracked 
| 321|0x0000000095500000, 0x0000000095500000, 0x0000000095600000|  0%| F|  |TAMS 0x0000000095500000, 0x0000000095500000| Untracked 
| 322|0x0000000095600000, 0x0000000095600000, 0x0000000095700000|  0%| F|  |TAMS 0x0000000095600000, 0x0000000095600000| Untracked 
| 323|0x0000000095700000, 0x0000000095700000, 0x0000000095800000|  0%| F|  |TAMS 0x0000000095700000, 0x0000000095700000| Untracked 
| 324|0x0000000095800000, 0x0000000095800000, 0x0000000095900000|  0%| F|  |TAMS 0x0000000095800000, 0x0000000095800000| Untracked 
| 325|0x0000000095900000, 0x0000000095900000, 0x0000000095a00000|  0%| F|  |TAMS 0x0000000095900000, 0x0000000095900000| Untracked 
| 326|0x0000000095a00000, 0x0000000095a00000, 0x0000000095b00000|  0%| F|  |TAMS 0x0000000095a00000, 0x0000000095a00000| Untracked 
| 327|0x0000000095b00000, 0x0000000095b00000, 0x0000000095c00000|  0%| F|  |TAMS 0x0000000095b00000, 0x0000000095b00000| Untracked 
| 328|0x0000000095c00000, 0x0000000095c00000, 0x0000000095d00000|  0%| F|  |TAMS 0x0000000095c00000, 0x0000000095c00000| Untracked 
| 329|0x0000000095d00000, 0x0000000095d00000, 0x0000000095e00000|  0%| F|  |TAMS 0x0000000095d00000, 0x0000000095d00000| Untracked 
| 330|0x0000000095e00000, 0x0000000095e00000, 0x0000000095f00000|  0%| F|  |TAMS 0x0000000095e00000, 0x0000000095e00000| Untracked 
| 331|0x0000000095f00000, 0x0000000095f00000, 0x0000000096000000|  0%| F|  |TAMS 0x0000000095f00000, 0x0000000095f00000| Untracked 
| 332|0x0000000096000000, 0x0000000096000000, 0x0000000096100000|  0%| F|  |TAMS 0x0000000096000000, 0x0000000096000000| Untracked 
| 333|0x0000000096100000, 0x0000000096100000, 0x0000000096200000|  0%| F|  |TAMS 0x0000000096100000, 0x0000000096100000| Untracked 
| 334|0x0000000096200000, 0x0000000096200000, 0x0000000096300000|  0%| F|  |TAMS 0x0000000096200000, 0x0000000096200000| Untracked 
| 335|0x0000000096300000, 0x0000000096300000, 0x0000000096400000|  0%| F|  |TAMS 0x0000000096300000, 0x0000000096300000| Untracked 

Card table byte_map: [0x000001ae7a170000,0x000001ae7a570000] _byte_map_base: 0x000001ae79d66000

Marking Bits (Prev, Next): (CMBitMap*) 0x000001ae71e72420, (CMBitMap*) 0x000001ae71e723e0
 Prev Bits: [0x000001ae7c920000, 0x000001ae7e8d0000)
 Next Bits: [0x000001ae7a970000, 0x000001ae7c920000)

Polling page: 0x000001ae6fc80000

Metaspace:

Usage:
  Non-class:     13.61 MB used.
      Class:      1.14 MB used.
       Both:     14.76 MB used.

Virtual space:
  Non-class space:       64.00 MB reserved,      13.75 MB ( 21%) committed,  1 nodes.
      Class space:        1.00 GB reserved,       1.31 MB ( <1%) committed,  1 nodes.
             Both:        1.06 GB reserved,      15.06 MB (  1%) committed. 

Chunk freelists:
   Non-Class:  2.27 MB
       Class:  2.73 MB
        Both:  5.00 MB

MaxMetaspaceSize: unlimited
CompressedClassSpaceSize: 1.00 GB
Initial GC threshold: 21.00 MB
Current GC threshold: 25.12 MB
CDS: on
MetaspaceReclaimPolicy: balanced
 - commit_granule_bytes: 65536.
 - commit_granule_words: 8192.
 - virtual_space_node_default_size: 8388608.
 - enlarge_chunks_in_place: 1.
 - new_chunks_are_fully_committed: 0.
 - uncommit_free_chunks: 1.
 - use_allocation_guard: 0.


Internal statistics:

num_allocs_failed_limit: 0.
num_arena_births: 296.
num_arena_deaths: 0.
num_vsnodes_births: 2.
num_vsnodes_deaths: 0.
num_space_committed: 237.
num_space_uncommitted: 0.
num_chunks_returned_to_freelist: 0.
num_chunks_taken_from_freelist: 677.
num_chunk_merges: 0.
num_chunk_splits: 492.
num_chunks_enlarged: 373.
num_inconsistent_stats: 0.

CodeHeap 'non-profiled nmethods': size=120000Kb used=2418Kb max_used=2418Kb free=117581Kb
 bounds [0x000001ae07ad0000, 0x000001ae07d40000, 0x000001ae0f000000]
CodeHeap 'profiled nmethods': size=120000Kb used=6689Kb max_used=6689Kb free=113310Kb
 bounds [0x000001ae00000000, 0x000001ae00690000, 0x000001ae07530000]
CodeHeap 'non-nmethods': size=5760Kb used=1439Kb max_used=1498Kb free=4320Kb
 bounds [0x000001ae07530000, 0x000001ae077a0000, 0x000001ae07ad0000]
 total_blobs=4283 nmethods=3590 adapters=603
 compilation: enabled
              stopped_count=0, restarted_count=0
 full_count=0

Compilation events (20 events):
Event: 19.754 Thread 0x000001ae7eda5bd0 3593       3       org.renjin.sexp.HashFrame::getSymbols (8 bytes)
Event: 19.754 Thread 0x000001ae7eda5bd0 nmethod 3593 0x000001ae00681210 code [0x000001ae006813e0, 0x000001ae00681838]
Event: 19.754 Thread 0x000001ae7eda5bd0 3594       3       java.util.ArrayList::sort (45 bytes)
Event: 19.755 Thread 0x000001ae7eda5bd0 nmethod 3594 0x000001ae00681a10 code [0x000001ae00681be0, 0x000001ae00681e58]
Event: 19.755 Thread 0x000001ae7eda5bd0 3598       3       java.util.Collections::sort (8 bytes)
Event: 19.755 Thread 0x000001ae7eda5bd0 nmethod 3598 0x000001ae00681f90 code [0x000001ae00682140, 0x000001ae006822e8]
Event: 19.780 Thread 0x000001ae7ed9c240 nmethod 3570 0x000001ae07d29290 code [0x000001ae07d295e0, 0x000001ae07d2b578]
Event: 19.780 Thread 0x000001ae7ed9c240 3597       4       org.renjin.primitives.text.regex.ExtendedRE::match (283 bytes)
Event: 19.782 Thread 0x000001ae7eda5bd0 3599       3       java.lang.invoke.Invokers$Holder::invokeExact_MT (22 bytes)
Event: 19.782 Thread 0x000001ae7eda5bd0 nmethod 3599 0x000001ae00682390 code [0x000001ae006825a0, 0x000001ae00682d98]
Event: 19.784 Thread 0x000001ae7eda5bd0 3600       3       org.renjin.primitives.text.Text::substr (232 bytes)
Event: 19.788 Thread 0x000001ae7eda5bd0 nmethod 3600 0x000001ae00682f90 code [0x000001ae00683440, 0x000001ae00685ea8]
Event: 19.788 Thread 0x000001ae7eda5bd0 3601       3       java.util.IdentityHashMap$KeySet::size (8 bytes)
Event: 19.788 Thread 0x000001ae7eda5bd0 nmethod 3601 0x000001ae00686e10 code [0x000001ae00686fa0, 0x000001ae006870b8]
Event: 19.788 Thread 0x000001ae7eda5bd0 3602       3       org.renjin.sexp.AttributeMap::get (129 bytes)
Event: 19.789 Thread 0x000001ae7eda5bd0 nmethod 3602 0x000001ae00687190 code [0x000001ae006873a0, 0x000001ae00687a68]
Event: 19.790 Thread 0x000001ae7eda5bd0 3603       3       java.lang.invoke.VarForm::getMemberName (31 bytes)
Event: 19.790 Thread 0x000001ae7eda5bd0 nmethod 3603 0x000001ae00687b90 code [0x000001ae00687d60, 0x000001ae00688018]
Event: 19.790 Thread 0x000001ae7eda5bd0 3604       3       java.lang.Enum::equals (11 bytes)
Event: 19.790 Thread 0x000001ae7eda5bd0 nmethod 3604 0x000001ae00688190 code [0x000001ae00688320, 0x000001ae00688478]

GC Heap History (20 events):
Event: 14.084 GC heap after
{Heap after GC invocations=7 (full 0):
 garbage-first heap   total 131072K, used 43008K [0x0000000081400000, 0x0000000100000000)
  region size 1024K, 9 young (9216K), 9 survivors (9216K)
 Metaspace       used 14958K, committed 15296K, reserved 1114112K
  class space    used 1171K, committed 1344K, reserved 1048576K
}
Event: 14.488 GC heap before
{Heap before GC invocations=7 (full 0):
 garbage-first heap   total 131072K, used 92160K [0x0000000081400000, 0x0000000100000000)
  region size 1024K, 57 young (58368K), 9 survivors (9216K)
 Metaspace       used 14975K, committed 15360K, reserved 1114112K
  class space    used 1171K, committed 1344K, reserved 1048576K
}
Event: 14.533 GC heap after
{Heap after GC invocations=8 (full 0):
 garbage-first heap   total 184320K, used 53760K [0x0000000081400000, 0x0000000100000000)
  region size 1024K, 8 young (8192K), 8 survivors (8192K)
 Metaspace       used 14975K, committed 15360K, reserved 1114112K
  class space    used 1171K, committed 1344K, reserved 1048576K
}
Event: 15.491 GC heap before
{Heap before GC invocations=8 (full 0):
 garbage-first heap   total 184320K, used 133632K [0x0000000081400000, 0x0000000100000000)
  region size 1024K, 86 young (88064K), 8 survivors (8192K)
 Metaspace       used 15001K, committed 15360K, reserved 1114112K
  class space    used 1171K, committed 1344K, reserved 1048576K
}
Event: 15.550 GC heap after
{Heap after GC invocations=9 (full 0):
 garbage-first heap   total 184320K, used 73216K [0x0000000081400000, 0x0000000100000000)
  region size 1024K, 11 young (11264K), 11 survivors (11264K)
 Metaspace       used 15001K, committed 15360K, reserved 1114112K
  class space    used 1171K, committed 1344K, reserved 1048576K
}
Event: 15.975 GC heap before
{Heap before GC invocations=9 (full 0):
 garbage-first heap   total 184320K, used 132608K [0x0000000081400000, 0x0000000100000000)
  region size 1024K, 69 young (70656K), 11 survivors (11264K)
 Metaspace       used 15015K, committed 15360K, reserved 1114112K
  class space    used 1171K, committed 1344K, reserved 1048576K
}
Event: 16.006 GC heap after
{Heap after GC invocations=10 (full 0):
 garbage-first heap   total 184320K, used 85504K [0x0000000081400000, 0x0000000100000000)
  region size 1024K, 9 young (9216K), 9 survivors (9216K)
 Metaspace       used 15015K, committed 15360K, reserved 1114112K
  class space    used 1171K, committed 1344K, reserved 1048576K
}
Event: 16.326 GC heap before
{Heap before GC invocations=10 (full 0):
 garbage-first heap   total 184320K, used 135680K [0x0000000081400000, 0x0000000100000000)
  region size 1024K, 58 young (59392K), 9 survivors (9216K)
 Metaspace       used 15029K, committed 15360K, reserved 1114112K
  class space    used 1171K, committed 1344K, reserved 1048576K
}
Event: 16.360 GC heap after
{Heap after GC invocations=11 (full 0):
 garbage-first heap   total 184320K, used 96256K [0x0000000081400000, 0x0000000100000000)
  region size 1024K, 8 young (8192K), 8 survivors (8192K)
 Metaspace       used 15029K, committed 15360K, reserved 1114112K
  class space    used 1171K, committed 1344K, reserved 1048576K
}
Event: 16.645 GC heap before
{Heap before GC invocations=11 (full 0):
 garbage-first heap   total 184320K, used 139264K [0x0000000081400000, 0x0000000100000000)
  region size 1024K, 50 young (51200K), 8 survivors (8192K)
 Metaspace       used 15043K, committed 15360K, reserved 1114112K
  class space    used 1171K, committed 1344K, reserved 1048576K
}
Event: 16.708 GC heap after
{Heap after GC invocations=12 (full 0):
 garbage-first heap   total 344064K, used 106496K [0x0000000081400000, 0x0000000100000000)
  region size 1024K, 7 young (7168K), 7 survivors (7168K)
 Metaspace       used 15043K, committed 15360K, reserved 1114112K
  class space    used 1171K, committed 1344K, reserved 1048576K
}
Event: 18.072 GC heap before
{Heap before GC invocations=13 (full 0):
 garbage-first heap   total 344064K, used 252928K [0x0000000081400000, 0x0000000100000000)
  region size 1024K, 150 young (153600K), 7 survivors (7168K)
 Metaspace       used 15053K, committed 15424K, reserved 1114112K
  class space    used 1171K, committed 1344K, reserved 1048576K
}
Event: 18.186 GC heap after
{Heap after GC invocations=14 (full 0):
 garbage-first heap   total 344064K, used 138240K [0x0000000081400000, 0x0000000100000000)
  region size 1024K, 19 young (19456K), 19 survivors (19456K)
 Metaspace       used 15053K, committed 15424K, reserved 1114112K
  class space    used 1171K, committed 1344K, reserved 1048576K
}
Event: 18.193 GC heap before
{Heap before GC invocations=14 (full 0):
 garbage-first heap   total 344064K, used 139264K [0x0000000081400000, 0x0000000100000000)
  region size 1024K, 20 young (20480K), 19 survivors (19456K)
 Metaspace       used 15053K, committed 15424K, reserved 1114112K
  class space    used 1171K, committed 1344K, reserved 1048576K
}
Event: 18.224 GC heap after
{Heap after GC invocations=15 (full 0):
 garbage-first heap   total 344064K, used 138752K [0x0000000081400000, 0x0000000100000000)
  region size 1024K, 1 young (1024K), 1 survivors (1024K)
 Metaspace       used 15053K, committed 15424K, reserved 1114112K
  class space    used 1171K, committed 1344K, reserved 1048576K
}
Event: 18.721 GC heap before
{Heap before GC invocations=15 (full 0):
 garbage-first heap   total 344064K, used 246272K [0x0000000081400000, 0x0000000100000000)
  region size 1024K, 107 young (109568K), 1 survivors (1024K)
 Metaspace       used 15064K, committed 15424K, reserved 1114112K
  class space    used 1171K, committed 1344K, reserved 1048576K
}
Event: 18.748 GC heap after
{Heap after GC invocations=16 (full 0):
 garbage-first heap   total 344064K, used 160256K [0x0000000081400000, 0x0000000100000000)
  region size 1024K, 14 young (14336K), 14 survivors (14336K)
 Metaspace       used 15064K, committed 15424K, reserved 1114112K
  class space    used 1171K, committed 1344K, reserved 1048576K
}
Event: 19.279 GC heap before
{Heap before GC invocations=16 (full 0):
 garbage-first heap   total 344064K, used 254464K [0x0000000081400000, 0x0000000100000000)
  region size 1024K, 106 young (108544K), 14 survivors (14336K)
 Metaspace       used 15089K, committed 15424K, reserved 1114112K
  class space    used 1171K, committed 1344K, reserved 1048576K
}
Event: 19.321 GC heap after
{Heap after GC invocations=17 (full 0):
 garbage-first heap   total 344064K, used 181245K [0x0000000081400000, 0x0000000100000000)
  region size 1024K, 14 young (14336K), 14 survivors (14336K)
 Metaspace       used 15089K, committed 15424K, reserved 1114112K
  class space    used 1171K, committed 1344K, reserved 1048576K
}
Event: 19.792 GC heap before
{Heap before GC invocations=17 (full 0):
 garbage-first heap   total 344064K, used 262141K [0x0000000081400000, 0x0000000100000000)
  region size 1024K, 93 young (95232K), 14 survivors (14336K)
 Metaspace       used 15111K, committed 15424K, reserved 1114112K
  class space    used 1171K, committed 1344K, reserved 1048576K
}

Dll operation events (12 events):
Event: 0.157 Loaded shared library C:\Users\fschi\.jdks\openjdk-19.0.1\bin\java.dll
Event: 0.173 Loaded shared library C:\Users\fschi\.jdks\openjdk-19.0.1\bin\jsvml.dll
Event: 0.514 Loaded shared library C:\Users\fschi\.jdks\openjdk-19.0.1\bin\zip.dll
Event: 0.519 Loaded shared library C:\Users\fschi\.jdks\openjdk-19.0.1\bin\instrument.dll
Event: 0.531 Loaded shared library C:\Users\fschi\.jdks\openjdk-19.0.1\bin\net.dll
Event: 0.534 Loaded shared library C:\Users\fschi\.jdks\openjdk-19.0.1\bin\nio.dll
Event: 0.775 Loaded shared library C:\Users\fschi\.jdks\openjdk-19.0.1\bin\zip.dll
Event: 0.996 Loaded shared library C:\Users\fschi\.jdks\openjdk-19.0.1\bin\jimage.dll
Event: 3.967 Loaded shared library C:\Program Files\JetBrains\IntelliJ IDEA 2022.2.3\bin\breakgen64.dll
Event: 3.983 Loaded shared library C:\Users\fschi\.jdks\openjdk-19.0.1\bin\extnet.dll
Event: 4.707 Loaded shared library C:\Users\fschi\.jdks\openjdk-19.0.1\bin\awt.dll
Event: 6.933 Loaded shared library C:\Users\fschi\.jdks\openjdk-19.0.1\bin\verify.dll

Deoptimization events (20 events):
Event: 17.824 Thread 0x000001ae71e14250 DEOPT PACKING pc=0x000001ae07ccb758 sp=0x0000001c208fc6b0
Event: 17.824 Thread 0x000001ae71e14250 DEOPT UNPACKING pc=0x000001ae07596da3 sp=0x0000001c208fc670 mode 2
Event: 17.828 Thread 0x000001ae71e14250 DEOPT PACKING pc=0x000001ae005c24ef sp=0x0000001c208fc590
Event: 17.828 Thread 0x000001ae71e14250 DEOPT UNPACKING pc=0x000001ae07597543 sp=0x0000001c208fba98 mode 0
Event: 18.290 Thread 0x000001ae71e14250 DEOPT PACKING pc=0x000001ae005a7867 sp=0x0000001c208fc6c0
Event: 18.290 Thread 0x000001ae71e14250 DEOPT UNPACKING pc=0x000001ae07597543 sp=0x0000001c208fbbe0 mode 0
Event: 18.411 Thread 0x000001ae71e14250 DEOPT PACKING pc=0x000001ae005569d5 sp=0x0000001c208fdb30
Event: 18.411 Thread 0x000001ae71e14250 DEOPT UNPACKING pc=0x000001ae07597543 sp=0x0000001c208fd020 mode 0
Event: 18.412 Thread 0x000001ae71e14250 DEOPT PACKING pc=0x000001ae00591d82 sp=0x0000001c208fdcb0
Event: 18.412 Thread 0x000001ae71e14250 DEOPT UNPACKING pc=0x000001ae07597543 sp=0x0000001c208fd150 mode 0
Event: 18.941 Thread 0x000001ae71e14250 DEOPT PACKING pc=0x000001ae00591eb3 sp=0x0000001c208fdcb0
Event: 18.941 Thread 0x000001ae71e14250 DEOPT UNPACKING pc=0x000001ae07597543 sp=0x0000001c208fd150 mode 0
Event: 19.190 Thread 0x000001ae71e14250 Uncommon trap: trap_request=0xffffffcc fr.pc=0x000001ae07d0b6d0 relative=0x0000000000002190
Event: 19.190 Thread 0x000001ae71e14250 Uncommon trap: reason=intrinsic_or_type_checked_inlining action=make_not_entrant pc=0x000001ae07d0b6d0 method=java.util.ArrayList$SubList.toArray([Ljava/lang/Object;)[Ljava/lang/Object; @ 58 c2
Event: 19.190 Thread 0x000001ae71e14250 DEOPT PACKING pc=0x000001ae07d0b6d0 sp=0x0000001c208fd650
Event: 19.190 Thread 0x000001ae71e14250 DEOPT UNPACKING pc=0x000001ae07596da3 sp=0x0000001c208fd588 mode 2
Event: 19.537 Thread 0x000001ae71e14250 DEOPT PACKING pc=0x000001ae00571e4b sp=0x0000001c208fd300
Event: 19.537 Thread 0x000001ae71e14250 DEOPT UNPACKING pc=0x000001ae07597543 sp=0x0000001c208fc810 mode 0
Event: 19.541 Thread 0x000001ae71e14250 DEOPT PACKING pc=0x000001ae00553934 sp=0x0000001c208fdb70
Event: 19.541 Thread 0x000001ae71e14250 DEOPT UNPACKING pc=0x000001ae07597543 sp=0x0000001c208fd058 mode 0

Classes loaded (20 events):
Event: 9.202 Loading class java/util/ConcurrentModificationException
Event: 9.203 Loading class java/util/ConcurrentModificationException done
Event: 9.204 Loading class java/util/ArrayList$ListItr
Event: 9.205 Loading class java/util/ArrayList$ListItr done
Event: 9.230 Loading class java/lang/annotation/Documented
Event: 9.230 Loading class java/lang/annotation/Documented done
Event: 9.233 Loading class java/lang/reflect/UndeclaredThrowableException
Event: 9.233 Loading class java/lang/reflect/UndeclaredThrowableException done
Event: 9.239 Loading class java/util/concurrent/TimeUnit$1
Event: 9.239 Loading class java/util/concurrent/TimeUnit$1 done
Event: 9.240 Loading class java/lang/reflect/TypeVariable
Event: 9.240 Loading class java/lang/reflect/TypeVariable done
Event: 9.240 Loading class java/lang/reflect/AnnotatedType
Event: 9.241 Loading class java/lang/reflect/AnnotatedType done
Event: 9.295 Loading class java/lang/ArrayIndexOutOfBoundsException
Event: 9.295 Loading class java/lang/ArrayIndexOutOfBoundsException done
Event: 11.923 Loading class java/security/NoSuchAlgorithmException
Event: 11.924 Loading class java/security/GeneralSecurityException
Event: 11.924 Loading class java/security/GeneralSecurityException done
Event: 11.924 Loading class java/security/NoSuchAlgorithmException done

Classes unloaded (0 events):
No events

Classes redefined (0 events):
No events

Internal exceptions (20 events):
Event: 10.004 Thread 0x000001ae71e14250 Exception <a 'java/lang/NoSuchMethodError'{0x00000000862c8500}: 'void java.lang.invoke.DirectMethodHandle$Holder.invokeStaticInit(java.lang.Object, java.lang.Object, java.lang.Object, java.lang.Object, java.lang.Object, java.lang.Object, java.lang.Object)'> (0x00000000862c8500) 
thrown [s\open\src\hotspot\share\interpreter\linkResolver.cpp, line 774]
Event: 10.007 Thread 0x000001ae71e14250 Exception <a 'java/lang/NoSuchMethodError'{0x00000000862d1fb8}: 'void java.lang.invoke.DirectMethodHandle$Holder.invokeStaticInit(java.lang.Object, java.lang.Object, java.lang.Object, java.lang.Object, java.lang.Object, java.lang.Object, java.lang.Object, java.lang.Object, java.lang.Object, java.lang.Object, java.lang.Object, java.lang.Object, java.lang.Object, java.lang.Object, java.lang.Object, java.lang.Object, java.lang.Object)'> (0x00000000862d1fb8) 
thrown [s\open\src\hotspot\share\interpreter\linkRe
Event: 10.011 Thread 0x000001ae71e14250 Exception <a 'java/lang/NoSuchMethodError'{0x00000000862da830}: 'void java.lang.invoke.DirectMethodHandle$Holder.invokeStaticInit(java.lang.Object, java.lang.Object, java.lang.Object, java.lang.Object, java.lang.Object, java.lang.Object)'> (0x00000000862da830) 
thrown [s\open\src\hotspot\share\interpreter\linkResolver.cpp, line 774]
Event: 10.013 Thread 0x000001ae71e14250 Exception <a 'java/lang/NoSuchMethodError'{0x00000000862de7b8}: 'void java.lang.invoke.DirectMethodHandle$Holder.invokeStaticInit(java.lang.Object, java.lang.Object)'> (0x00000000862de7b8) 
thrown [s\open\src\hotspot\share\interpreter\linkResolver.cpp, line 774]
Event: 10.015 Thread 0x000001ae71e14250 Exception <a 'java/lang/NoSuchMethodError'{0x00000000862ec790}: 'void java.lang.invoke.DirectMethodHandle$Holder.invokeStaticInit(java.lang.Object, java.lang.Object, java.lang.Object, java.lang.Object, java.lang.Object, java.lang.Object, java.lang.Object, java.lang.Object, java.lang.Object, java.lang.Object, java.lang.Object, java.lang.Object, java.lang.Object, java.lang.Object, java.lang.Object, java.lang.Object, java.lang.Object, java.lang.Object, java.lang.Object, java.lang.Object, java.lang.Object)'> (
Event: 10.018 Thread 0x000001ae71e14250 Exception <a 'java/lang/NoSuchMethodError'{0x00000000862f84a8}: 'void java.lang.invoke.DirectMethodHandle$Holder.invokeStaticInit(java.lang.Object, java.lang.Object, java.lang.Object, java.lang.Object, java.lang.Object, java.lang.Object, java.lang.Object, java.lang.Object, java.lang.Object, java.lang.Object, java.lang.Object)'> (0x00000000862f84a8) 
thrown [s\open\src\hotspot\share\interpreter\linkResolver.cpp, line 774]
Event: 10.023 Thread 0x000001ae71e14250 Exception <a 'java/lang/NoSuchMethodError'{0x0000000086124aa0}: 'void java.lang.invoke.DirectMethodHandle$Holder.invokeStaticInit(java.lang.Object, java.lang.Object, java.lang.Object, java.lang.Object, java.lang.Object, java.lang.Object, java.lang.Object, java.lang.Object, java.lang.Object, java.lang.Object, java.lang.Object, java.lang.Object)'> (0x0000000086124aa0) 
thrown [s\open\src\hotspot\share\interpreter\linkResolver.cpp, line 774]
Event: 10.034 Thread 0x000001ae71e14250 Exception <a 'java/lang/NoSuchMethodError'{0x000000008615ba08}: 'void java.lang.invoke.DirectMethodHandle$Holder.invokeStaticInit(java.lang.Object, java.lang.Object, java.lang.Object, java.lang.Object, java.lang.Object, java.lang.Object, java.lang.Object, java.lang.Object, java.lang.Object, java.lang.Object, java.lang.Object, java.lang.Object, java.lang.Object, java.lang.Object, java.lang.Object, java.lang.Object, java.lang.Object, java.lang.Object)'> (0x000000008615ba08) 
thrown [s\open\src\hotspot\share\
Event: 10.040 Thread 0x000001ae71e14250 Exception <a 'java/lang/NoSuchMethodError'{0x0000000086199c48}: 'void java.lang.invoke.DirectMethodHandle$Holder.invokeStaticInit(java.lang.Object, java.lang.Object, java.lang.Object, java.lang.Object, java.lang.Object, java.lang.Object, java.lang.Object, java.lang.Object, java.lang.Object, java.lang.Object, java.lang.Object, java.lang.Object, java.lang.Object, java.lang.Object, java.lang.Object, java.lang.Object, java.lang.Object, java.lang.Object, java.lang.Object)'> (0x0000000086199c48) 
thrown [s\open\
Event: 10.050 Thread 0x000001ae71e14250 Exception <a 'java/lang/NoSuchMethodError'{0x00000000861e3d40}: 'java.lang.Object java.lang.invoke.DirectMethodHandle$Holder.invokeStaticInit(java.lang.Object, java.lang.Object, java.lang.Object, java.lang.Object, java.lang.Object, java.lang.Object, java.lang.Object, java.lang.Object, java.lang.Object)'> (0x00000000861e3d40) 
thrown [s\open\src\hotspot\share\interpreter\linkResolver.cpp, line 774]
Event: 10.062 Thread 0x000001ae71e14250 Exception <a 'java/lang/NoSuchMethodError'{0x0000000086066150}: 'java.lang.Object java.lang.invoke.DirectMethodHandle$Holder.invokeStaticInit(java.lang.Object, java.lang.Object, java.lang.Object, java.lang.Object, java.lang.Object, java.lang.Object, java.lang.Object, java.lang.Object, java.lang.Object, java.lang.Object)'> (0x0000000086066150) 
thrown [s\open\src\hotspot\share\interpreter\linkResolver.cpp, line 774]
Event: 10.062 Thread 0x000001ae71e14250 Exception <a 'java/lang/NoSuchMethodError'{0x000000008606b020}: 'java.lang.Object java.lang.invoke.DirectMethodHandle$Holder.invokeStaticInit(java.lang.Object, java.lang.Object, java.lang.Object, java.lang.Object, java.lang.Object, java.lang.Object, java.lang.Object, java.lang.Object)'> (0x000000008606b020) 
thrown [s\open\src\hotspot\share\interpreter\linkResolver.cpp, line 774]
Event: 10.167 Thread 0x000001ae71e14250 Exception <a 'java/lang/NoSuchMethodError'{0x0000000085e52b88}: 'void java.lang.invoke.DirectMethodHandle$Holder.invokeStaticInit(java.lang.Object, java.lang.Object, java.lang.Object, java.lang.Object, java.lang.Object, java.lang.Object, java.lang.Object, java.lang.Object, java.lang.Object, java.lang.Object, java.lang.Object, java.lang.Object, java.lang.Object, java.lang.Object, java.lang.Object, java.lang.Object, java.lang.Object, java.lang.Object, java.lang.Object, java.lang.Object, java.lang.Object, jav
Event: 10.170 Thread 0x000001ae71e14250 Exception <a 'java/lang/NoSuchMethodError'{0x0000000085e5d368}: 'void java.lang.invoke.DirectMethodHandle$Holder.invokeStaticInit(java.lang.Object, java.lang.Object, java.lang.Object, java.lang.Object, java.lang.Object, java.lang.Object, java.lang.Object, java.lang.Object, java.lang.Object, java.lang.Object, java.lang.Object, java.lang.Object, java.lang.Object, java.lang.Object)'> (0x0000000085e5d368) 
thrown [s\open\src\hotspot\share\interpreter\linkResolver.cpp, line 774]
Event: 10.172 Thread 0x000001ae71e14250 Exception <a 'java/lang/NoSuchMethodError'{0x0000000085e66d28}: 'void java.lang.invoke.DirectMethodHandle$Holder.invokeStaticInit(java.lang.Object, java.lang.Object, java.lang.Object, java.lang.Object, java.lang.Object, java.lang.Object, java.lang.Object, java.lang.Object, java.lang.Object)'> (0x0000000085e66d28) 
thrown [s\open\src\hotspot\share\interpreter\linkResolver.cpp, line 774]
Event: 10.173 Thread 0x000001ae71e14250 Exception <a 'java/lang/NoSuchMethodError'{0x0000000085e70ed0}: 'void java.lang.invoke.DirectMethodHandle$Holder.invokeStaticInit(java.lang.Object, java.lang.Object, java.lang.Object, java.lang.Object, java.lang.Object, java.lang.Object, java.lang.Object, java.lang.Object, java.lang.Object, java.lang.Object, java.lang.Object, java.lang.Object, java.lang.Object, java.lang.Object, java.lang.Object, java.lang.Object)'> (0x0000000085e70ed0) 
thrown [s\open\src\hotspot\share\interpreter\linkResolver.cpp, line 7
Event: 10.181 Thread 0x000001ae71e14250 Exception <a 'java/lang/NoSuchMethodError'{0x0000000085eaa660}: 'void java.lang.invoke.DirectMethodHandle$Holder.invokeStaticInit(java.lang.Object, java.lang.Object, java.lang.Object, java.lang.Object, java.lang.Object, java.lang.Object, java.lang.Object, java.lang.Object, java.lang.Object, java.lang.Object)'> (0x0000000085eaa660) 
thrown [s\open\src\hotspot\share\interpreter\linkResolver.cpp, line 774]
Event: 10.196 Thread 0x000001ae71e14250 Exception <a 'java/lang/NoSuchMethodError'{0x0000000085ec7b70}: 'void java.lang.invoke.DirectMethodHandle$Holder.invokeStaticInit(java.lang.Object, java.lang.Object, java.lang.Object, double, java.lang.Object, java.lang.Object, java.lang.Object, int, int, int, java.lang.Object, java.lang.Object)'> (0x0000000085ec7b70) 
thrown [s\open\src\hotspot\share\interpreter\linkResolver.cpp, line 774]
Event: 10.198 Thread 0x000001ae71e14250 Exception <a 'java/lang/NoSuchMethodError'{0x0000000085ed1a30}: 'void java.lang.invoke.DirectMethodHandle$Holder.invokeStaticInit(java.lang.Object, java.lang.Object, java.lang.Object, java.lang.Object, java.lang.Object, int, int, int, int, int, java.lang.Object, java.lang.Object, java.lang.Object, java.lang.Object)'> (0x0000000085ed1a30) 
thrown [s\open\src\hotspot\share\interpreter\linkResolver.cpp, line 774]
Event: 10.199 Thread 0x000001ae71e14250 Exception <a 'java/lang/NoSuchMethodError'{0x0000000085eda370}: 'void java.lang.invoke.DirectMethodHandle$Holder.invokeStaticInit(java.lang.Object, int, java.lang.Object, int, int, java.lang.Object)'> (0x0000000085eda370) 
thrown [s\open\src\hotspot\share\interpreter\linkResolver.cpp, line 774]

VM Operations (20 events):
Event: 15.553 Executing VM operation: G1CollectForAllocation done
Event: 15.975 Executing VM operation: G1CollectForAllocation
Event: 16.006 Executing VM operation: G1CollectForAllocation done
Event: 16.326 Executing VM operation: G1CollectForAllocation
Event: 16.360 Executing VM operation: G1CollectForAllocation done
Event: 16.645 Executing VM operation: G1CollectForAllocation
Event: 16.709 Executing VM operation: G1CollectForAllocation done
Event: 17.168 Executing VM operation: G1PauseRemark
Event: 17.176 Executing VM operation: G1PauseRemark done
Event: 17.344 Executing VM operation: G1PauseCleanup
Event: 17.353 Executing VM operation: G1PauseCleanup done
Event: 18.072 Executing VM operation: G1CollectForAllocation
Event: 18.190 Executing VM operation: G1CollectForAllocation done
Event: 18.193 Executing VM operation: G1CollectForAllocation
Event: 18.224 Executing VM operation: G1CollectForAllocation done
Event: 18.720 Executing VM operation: G1CollectForAllocation
Event: 18.748 Executing VM operation: G1CollectForAllocation done
Event: 19.279 Executing VM operation: G1CollectForAllocation
Event: 19.321 Executing VM operation: G1CollectForAllocation done
Event: 19.792 Executing VM operation: G1CollectForAllocation

Events (17 events):
Event: 0.173 Thread 0x000001ae71e14250 Thread added: 0x000001ae71e14250
Event: 0.375 Thread 0x000001ae7ed8ec80 Thread added: 0x000001ae7ed8ec80
Event: 0.375 Thread 0x000001ae7ed8fa70 Thread added: 0x000001ae7ed8fa70
Event: 0.377 Thread 0x000001ae7ed93170 Thread added: 0x000001ae7ed93170
Event: 0.377 Thread 0x000001ae7ed94ab0 Thread added: 0x000001ae7ed94ab0
Event: 0.377 Thread 0x000001ae7ed953e0 Thread added: 0x000001ae7ed953e0
Event: 0.377 Thread 0x000001ae7ed95e50 Thread added: 0x000001ae7ed95e50
Event: 0.377 Thread 0x000001ae7ed9c240 Thread added: 0x000001ae7ed9c240
Event: 0.377 Thread 0x000001ae7eda5bd0 Thread added: 0x000001ae7eda5bd0
Event: 0.378 Thread 0x000001ae7edbd950 Thread added: 0x000001ae7edbd950
Event: 0.477 Thread 0x000001ae7ef68e50 Thread added: 0x000001ae7ef68e50
Event: 3.968 Thread 0x000001ae7f2f42e0 Thread added: 0x000001ae7f2f42e0
Event: 3.968 Thread 0x000001ae7f2f6700 Thread added: 0x000001ae7f2f6700
Event: 4.831 Thread 0x000001ae7f3c3710 Thread added: 0x000001ae7f3c3710
Event: 4.832 Thread 0x000001ae7f3c40d0 Thread added: 0x000001ae7f3c40d0
Event: 4.834 Thread 0x000001ae7f3c6aa0 Thread added: 0x000001ae7f3c6aa0
Event: 5.866 Thread 0x000001ae7f3c40d0 Thread exited: 0x000001ae7f3c40d0


Dynamic libraries:
0x00007ff6f9bf0000 - 0x00007ff6f9bfe000 	C:\Users\fschi\.jdks\openjdk-19.0.1\bin\java.exe
0x00007ffbf6110000 - 0x00007ffbf6308000 	C:\WINDOWS\SYSTEM32\ntdll.dll
0x00007ffbf6010000 - 0x00007ffbf60cf000 	C:\WINDOWS\System32\KERNEL32.DLL
0x00007ffbf3800000 - 0x00007ffbf3ad2000 	C:\WINDOWS\System32\KERNELBASE.dll
0x00007ffbf3b80000 - 0x00007ffbf3c80000 	C:\WINDOWS\System32\ucrtbase.dll
0x00007ffbf1fd0000 - 0x00007ffbf1fe7000 	C:\Users\fschi\.jdks\openjdk-19.0.1\bin\jli.dll
0x00007ffbf1ff0000 - 0x00007ffbf200b000 	C:\Users\fschi\.jdks\openjdk-19.0.1\bin\VCRUNTIME140.dll
0x00007ffbf4780000 - 0x00007ffbf4921000 	C:\WINDOWS\System32\USER32.dll
0x00007ffbf4120000 - 0x00007ffbf4142000 	C:\WINDOWS\System32\win32u.dll
0x00007ffbda0b0000 - 0x00007ffbda34a000 	C:\WINDOWS\WinSxS\amd64_microsoft.windows.common-controls_6595b64144ccf1df_6.0.19041.1110_none_60b5254171f9507e\COMCTL32.dll
0x00007ffbf5610000 - 0x00007ffbf563b000 	C:\WINDOWS\System32\GDI32.dll
0x00007ffbf3cb0000 - 0x00007ffbf3dbf000 	C:\WINDOWS\System32\gdi32full.dll
0x00007ffbf3ae0000 - 0x00007ffbf3b7d000 	C:\WINDOWS\System32\msvcp_win.dll
0x00007ffbf4600000 - 0x00007ffbf469e000 	C:\WINDOWS\System32\msvcrt.dll
0x00007ffbf5440000 - 0x00007ffbf5472000 	C:\WINDOWS\System32\IMM32.DLL
0x00007ffbf1fc0000 - 0x00007ffbf1fcc000 	C:\Users\fschi\.jdks\openjdk-19.0.1\bin\vcruntime140_1.dll
0x00007ffbd1710000 - 0x00007ffbd179e000 	C:\Users\fschi\.jdks\openjdk-19.0.1\bin\msvcp140.dll
0x00007ffb9cd90000 - 0x00007ffb9da50000 	C:\Users\fschi\.jdks\openjdk-19.0.1\bin\server\jvm.dll
0x00007ffbf4490000 - 0x00007ffbf453e000 	C:\WINDOWS\System32\ADVAPI32.dll
0x00007ffbf4150000 - 0x00007ffbf41ec000 	C:\WINDOWS\System32\sechost.dll
0x00007ffbf54e0000 - 0x00007ffbf5605000 	C:\WINDOWS\System32\RPCRT4.dll
0x00007ffbd5500000 - 0x00007ffbd5527000 	C:\WINDOWS\SYSTEM32\WINMM.dll
0x00007ffbe3bc0000 - 0x00007ffbe3bca000 	C:\WINDOWS\SYSTEM32\VERSION.dll
0x00007ffbdb230000 - 0x00007ffbdb239000 	C:\WINDOWS\SYSTEM32\WSOCK32.dll
0x00007ffbf57f0000 - 0x00007ffbf585b000 	C:\WINDOWS\System32\WS2_32.dll
0x00007ffbf2010000 - 0x00007ffbf2022000 	C:\WINDOWS\SYSTEM32\kernel.appcore.dll
0x00007ffbeeae0000 - 0x00007ffbeeaea000 	C:\Users\fschi\.jdks\openjdk-19.0.1\bin\jimage.dll
0x00007ffbf1d90000 - 0x00007ffbf1f74000 	C:\WINDOWS\SYSTEM32\DBGHELP.DLL
0x00007ffbe1a90000 - 0x00007ffbe1ac5000 	C:\WINDOWS\SYSTEM32\dbgcore.DLL
0x00007ffbf4090000 - 0x00007ffbf4112000 	C:\WINDOWS\System32\bcryptPrimitives.dll
0x00007ffbeead0000 - 0x00007ffbeeade000 	C:\Users\fschi\.jdks\openjdk-19.0.1\bin\instrument.dll
0x00007ffbde310000 - 0x00007ffbde336000 	C:\Users\fschi\.jdks\openjdk-19.0.1\bin\java.dll
0x00007ffbce5e0000 - 0x00007ffbce6b7000 	C:\Users\fschi\.jdks\openjdk-19.0.1\bin\jsvml.dll
0x00007ffbf58c0000 - 0x00007ffbf6005000 	C:\WINDOWS\System32\SHELL32.dll
0x00007ffbf1530000 - 0x00007ffbf1cc2000 	C:\WINDOWS\SYSTEM32\windows.storage.dll
0x00007ffbf4930000 - 0x00007ffbf4c85000 	C:\WINDOWS\System32\combase.dll
0x00007ffbf30a0000 - 0x00007ffbf30d0000 	C:\WINDOWS\SYSTEM32\Wldp.dll
0x00007ffbf4e60000 - 0x00007ffbf4f0d000 	C:\WINDOWS\System32\SHCORE.dll
0x00007ffbf53e0000 - 0x00007ffbf5435000 	C:\WINDOWS\System32\shlwapi.dll
0x00007ffbf3740000 - 0x00007ffbf375f000 	C:\WINDOWS\SYSTEM32\profapi.dll
0x00007ffbe8380000 - 0x00007ffbe8398000 	C:\Users\fschi\.jdks\openjdk-19.0.1\bin\zip.dll
0x00007ffbed870000 - 0x00007ffbed883000 	C:\Users\fschi\.jdks\openjdk-19.0.1\bin\net.dll
0x00007ffbedb40000 - 0x00007ffbedc4c000 	C:\WINDOWS\SYSTEM32\WINHTTP.dll
0x00007ffbf2e80000 - 0x00007ffbf2eea000 	C:\WINDOWS\system32\mswsock.dll
0x00007ffbec7a0000 - 0x00007ffbec7b6000 	C:\Users\fschi\.jdks\openjdk-19.0.1\bin\nio.dll
0x00007ffbe0fe0000 - 0x00007ffbe0ffa000 	C:\Program Files\JetBrains\IntelliJ IDEA 2022.2.3\bin\breakgen64.dll
0x00007ffbecae0000 - 0x00007ffbecae8000 	C:\Users\fschi\.jdks\openjdk-19.0.1\bin\extnet.dll
0x00007ffbc9330000 - 0x00007ffbc94c0000 	C:\Users\fschi\.jdks\openjdk-19.0.1\bin\awt.dll
0x00007ffbf41f0000 - 0x00007ffbf42bd000 	C:\WINDOWS\System32\OLEAUT32.dll
0x00007ffbf09b0000 - 0x00007ffbf0a40000 	C:\WINDOWS\SYSTEM32\apphelp.dll
0x00007ffbf0c90000 - 0x00007ffbf0d2e000 	C:\WINDOWS\system32\uxtheme.dll
0x00007ffbf56d0000 - 0x00007ffbf57e5000 	C:\WINDOWS\System32\MSCTF.dll
0x00007ffbf4cb0000 - 0x00007ffbf4dda000 	C:\WINDOWS\System32\ole32.dll
0x00007ffbeeac0000 - 0x00007ffbeead0000 	C:\Users\fschi\.jdks\openjdk-19.0.1\bin\verify.dll

dbghelp: loaded successfully - version: 4.0.5 - missing functions: none
symbol engine: initialized successfully - sym options: 0x614 - pdb path: .;C:\Users\fschi\.jdks\openjdk-19.0.1\bin;C:\WINDOWS\SYSTEM32;C:\WINDOWS\WinSxS\amd64_microsoft.windows.common-controls_6595b64144ccf1df_6.0.19041.1110_none_60b5254171f9507e;C:\Users\fschi\.jdks\openjdk-19.0.1\bin\server;C:\Program Files\JetBrains\IntelliJ IDEA 2022.2.3\bin

VM Arguments:
jvm_args: -javaagent:C:\Program Files\JetBrains\IntelliJ IDEA 2022.2.3\lib\idea_rt.jar=53447:C:\Program Files\JetBrains\IntelliJ IDEA 2022.2.3\bin -Dfile.encoding=UTF-8 -Dsun.stdout.encoding=UTF-8 -Dsun.stderr.encoding=UTF-8 
java_command: core.DTNSim
java_class_path (initial): C:\Users\fschi\Documents\BachelorArbeit\Blossom_ONE\target\classes;C:\Users\fschi\Documents\BachelorArbeit\Blossom_ONE\lib\ECLA.jar;C:\Users\fschi\Documents\BachelorArbeit\Blossom_ONE\lib\DTNConsoleConnection.jar;C:\Users\fschi\.m2\repository\junit\junit\4.13.2\junit-4.13.2.jar;C:\Users\fschi\.m2\repository\org\hamcrest\hamcrest-core\1.3\hamcrest-core-1.3.jar;C:\Users\fschi\.m2\repository\org\jetbrains\annotations\24.0.1\annotations-24.0.1.jar;C:\Users\fschi\.m2\repository\org\renjin\renjin-script-engine\3.5-beta76\renjin-script-engine-3.5-beta76.jar;C:\Users\fschi\.m2\repository\org\slf4j\slf4j-api\1.6.1\slf4j-api-1.6.1.jar;C:\Users\fschi\.m2\repository\org\slf4j\slf4j-jdk14\1.6.1\slf4j-jdk14-1.6.1.jar;C:\Users\fschi\.m2\repository\org\renjin\renjin-core\3.5-beta76\renjin-core-3.5-beta76.jar;C:\Users\fschi\.m2\repository\org\renjin\renjin-appl\3.5-beta76\renjin-appl-3.5-beta76.jar;C:\Users\fschi\.m2\repository\org\renjin\renjin-common\3.5-beta76\renjin-common-3.5-beta76.jar;C:\Users\fschi\.m2\repository\org\renjin\renjin-nmath\3.5-beta76\renjin-nmath-3.5-beta76.jar;C:\Users\fschi\.m2\repository\org\renjin\renjin-blas\3.5-beta76\renjin-blas-3.5-beta76.jar;C:\Users\fschi\.m2\repository\org\renjin\renjin-lapack\3.5-beta76\renjin-lapack-3.5-beta76.jar;C:\Users\fschi\.m2\repository\org\renjin\gcc-bridge-runtime\3.5-beta76\gcc-bridge-runtime-3.5-beta76.jar;C:\Users\fschi\.m2\repository\org\apache\commons\commons-math\2.2\commons-math-2.2.jar;C:\Users\fschi\.m2\repository\com\github\fommil\netlib\core\1.1.2\core-1.1.2.jar;C:\Users\fschi\.m2\repository\net\sourceforge\f2j\arpack_combined_all\0.1\arpack_combined_all-0.1.jar;C:\Users\fschi\.m2\repository\org\apache\commons\commons-vfs2\2.0\commons-vfs2-2.0.jar;C:\Users\fschi\.m2\repository\commons-logging\commons-logging\1.1.1\commons-logging-1.1.1.jar;C:\Users\fschi\.m2\repository\org\apache\maven\scm\maven-scm-api\1.4\maven-scm-api-1.4.jar;C:\Users\fschi\.m2\repository\org\codehaus\plexus\plexus-utils\1.5.6\plexus-utils-1.5.6.jar;C:\Users\fschi\.m2\repository\org\apache\maven\scm\maven-scm-provider-svnexe\1.4\maven-scm-provider-svnexe-1.4.jar;C:\Users\fschi\.m2\repository\org\apache\maven\scm\maven-scm-provider-svn-commons\1.4\maven-scm-provider-svn-commons-1.4.jar;C:\Users\fschi\.m2\repository\regexp\regexp\1.3\regexp-1.3.jar;C:\Users\fschi\.m2\repository\org\apache\commons\commons-compress\1.18\commons-compress-1.18.jar;C:\Users\fschi\.m2\repository\org\tukaani\xz\1.8\xz-1.8.jar;C:\Users\fschi\.m2\repository\org\renjin\renjin-asm\5.0.4b\renjin-asm-5.0.4b.jar;C:\Users\fschi\.m2\repository\org\renjin\renjin-guava\28.0b\renjin-guava-28.0b.jar;C:\Users\fschi\.m2\repository\com\sun\codemodel\codemodel\2.6\codemodel-2.6.jar;C:\Users\fschi\.m2\repository\org\renjin\stats\3.5-beta76\stats-3.5-beta76.jar;C:\Users\fschi\.m2\repository\org\renjin\utils\3.5-beta76\utils-3.5-beta76.jar;C:\Users\fschi\.m2\repository\org\renjin\methods\3.5-beta76\methods-3.5-beta76.jar;C:\Users\fschi\.m2\repository\org\renjin\graphics\3.5-beta76\graphics-3.5-beta76.jar;C:\Users\fschi\.m2\repository\org\renjin\grDevices\3.5-beta76\grDevices-3.5-beta76.jar;C:\Users\fschi\.m2\repository\org\renjin\renjin-gnur-runtime\3.5-beta76\renjin-gnur-runtime-3.5-beta76.jar;C:\Users\fschi\.m2\repository\org\jfree\jfreesvg\3.3\jfreesvg-3.3.jar;C:\Users\fschi\.m2\repository\org\renjin\datasets\3.5-beta76\datasets-3.5-beta76.jar;C:\Users\fschi\.m2\repository\org\renjin\cran\exptest\1.2-b214\exptest-1.2-b214.jar;C:\Users\fschi\.m2\repository\org\renjin\tools\0.7.1573\tools-0.7.1573.jar;C:\Users\fschi\.m2\repository\org\renjin\cran\proxy\0.4-23-b1\proxy-0.4-23-b1.jar;C:\Users\fschi\.m2\repository\org\renjin\tcltk\0.9.2724\tcltk-0.9.2724.jar;C:\Users\fschi\.m2\repository\org\renjin\splines\0.9.2724\splines-0.9.2724.jar;C:\Users\fschi\.m2\repository\org\renjin\parallel\0.9.2724\parallel-0.9.2724.jar;C:\Users\fschi\.m2\repository\org\renjin\grid\0.9.2724\grid-0.9.2724.jar;C:\Users\fschi\.m2\repository\org\renjin\stats4\0.9.2724\stats4-0.9.2724.jar;C:\Users\fschi\.m2\repository\org\bouncycastle\bcprov-jdk15on\1.69\bcprov-jdk15on-1.69.jar
Launcher Type: SUN_STANDARD

[Global flags]
     intx CICompilerCount                          = 3                                         {product} {ergonomic}
     uint ConcGCThreads                            = 1                                         {product} {ergonomic}
     uint G1ConcRefinementThreads                  = 4                                         {product} {ergonomic}
   size_t G1HeapRegionSize                         = 1048576                                   {product} {ergonomic}
    uintx GCDrainStackTargetSize                   = 64                                        {product} {ergonomic}
   size_t InitialHeapSize                          = 134217728                                 {product} {ergonomic}
   size_t MarkStackSize                            = 4194304                                   {product} {ergonomic}
   size_t MaxHeapSize                              = 2126512128                                {product} {ergonomic}
   size_t MaxNewSize                               = 1275068416                                {product} {ergonomic}
   size_t MinHeapDeltaBytes                        = 1048576                                   {product} {ergonomic}
   size_t MinHeapSize                              = 8388608                                   {product} {ergonomic}
    uintx NonNMethodCodeHeapSize                   = 5832780                                {pd product} {ergonomic}
    uintx NonProfiledCodeHeapSize                  = 122912730                              {pd product} {ergonomic}
    uintx ProfiledCodeHeapSize                     = 122912730                              {pd product} {ergonomic}
    uintx ReservedCodeCacheSize                    = 251658240                              {pd product} {ergonomic}
     bool SegmentedCodeCache                       = true                                      {product} {ergonomic}
   size_t SoftMaxHeapSize                          = 2126512128                             {manageable} {ergonomic}
     bool UseCompressedClassPointers               = true                           {product lp64_product} {ergonomic}
     bool UseCompressedOops                        = true                           {product lp64_product} {ergonomic}
     bool UseG1GC                                  = true                                      {product} {ergonomic}
     bool UseLargePagesIndividualAllocation        = false                                  {pd product} {ergonomic}

Logging:
Log output configuration:
 #0: stdout all=warning uptime,level,tags foldmultilines=false
 #1: stderr all=off uptime,level,tags foldmultilines=false

Environment Variables:
PATH=C:\Program Files\Common Files\Oracle\Java\javapath;C:\Program Files\Rockwell Software\RSCommon;C:\Program Files (x86)\Common Files\Oracle\Java\javapath;C:\Program Files\Haskell\bin;C:\Program Files\Haskell Platform\8.4.3\lib\extralibs\bin;C:\Program Files\Haskell Platform\8.4.3\bin;C:\WINDOWS\system32;C:\WINDOWS;C:\WINDOWS\System32\Wbem;C:\WINDOWS\System32\WindowsPowerShell\v1.0\;C:\Program Files\Java\bin;C:\WINDOWS\System32\OpenSSH\;C:\Program Files\Haskell Platform\8.4.3\mingw\bin;C:\Program Files\Git\cmd;C:\Program Files\Java\jdk-18.0.1.1\bin;C:\Users\fschi\AppData\Roaming\cabal\bin;C:\Users\fschi\AppData\Roaming\local\bin;C:\Users\fschi\AppData\Local\Microsoft\WindowsApps;C:\Users\fschi\AppData\Local\Programs\Python\Python37-32;C:\Program Files\Graphviz\bin;C:\Users\fschi\AppData\Local\Programs\Microsoft VS Code\bin;C:\Users\fschi\AppData\Local\GitHubDesktop\bin
USERNAME=fschi
OS=Windows_NT
PROCESSOR_IDENTIFIER=Intel64 Family 6 Model 78 Stepping 3, GenuineIntel
TMP=C:\Users\fschi\AppData\Local\Temp
TEMP=C:\Users\fschi\AppData\Local\Temp



---------------  S Y S T E M  ---------------

OS:
 Windows 10 , 64 bit Build 19041 (10.0.19041.2546)
OS uptime: 8 days 7:36 hours
Hyper-V role detected

CPU: total 4 (initial active 4) (2 cores per cpu, 2 threads per core) family 6 model 78 stepping 3 microcode 0xea, cx8, cmov, fxsr, ht, mmx, 3dnowpref, sse, sse2, sse3, ssse3, sse4.1, sse4.2, popcnt, lzcnt, tsc, tscinvbit, avx, avx2, aes, erms, clmul, bmi1, bmi2, rtm, adx, fma, vzeroupper, clflush, clflushopt, hv, rdtscp

Memory: 4k page, system-wide physical 8109M (116M free)
TotalPageFile size 21451M (AvailPageFile size 107M)
current process WorkingSet (physical memory assigned to process): 401M, peak: 404M
current process commit charge ("private bytes"): 456M, peak: 1064M

vm_info: OpenJDK 64-Bit Server VM (19.0.1+10-21) for windows-amd64 JRE (19.0.1+10-21), built on 2022-09-14T12:45:06Z by "mach5one" with MS VC++ 17.1 (VS2022)

END.
